#
# A fatal error has been detected by the Java Runtime Environment:
#
#  EXCEPTION_ACCESS_VIOLATION (0xc0000005) at pc=0x000001caea104c88, pid=5456, tid=12596
#
# JRE version: OpenJDK Runtime Environment Temurin-22.0.2+9 (22.0.2+9) (build 22.0.2+9)
# Java VM: OpenJDK 64-Bit Server VM Temurin-22.0.2+9 (22.0.2+9, mixed mode, tiered, compressed oops, compressed class ptrs, g1 gc, windows-amd64)
# Problematic frame:
# j  java.lang.invoke.DirectMethodHandle$Holder.newInvokeSpecial(Ljava/lang/Object;)Ljava/lang/Object;+15 java.base@22.0.2
#
# No core dump will be written. Minidumps are not enabled by default on client versions of Windows
#
# If you would like to submit a bug report, please visit:
#   https://github.com/adoptium/adoptium-support/issues
#

---------------  S U M M A R Y ------------

Command Line: -XX:+ShowCodeDetailsInExceptionMessages -agentlib:jdwp=transport=dt_socket,suspend=y,address=localhost:58626 -javaagent:C:\Users\hpwor\eclipse\jee-2024-06\eclipse\configuration\org.eclipse.osgi\448\0\.cp\lib\javaagent-shaded.jar -Dfile.encoding=UTF-8 -Dstdout.encoding=UTF-8 -Dstderr.encoding=UTF-8 com.project.Springframework.SpringframeworkApplication

Host: AMD Ryzen 5 7520U with Radeon Graphics         , 8 cores, 15G,  Windows 11 , 64 bit Build 22621 (10.0.22621.3958)
Time: Fri Oct 18 10:09:40 2024 India Standard Time elapsed time: 174.569327 seconds (0d 0h 2m 54s)

---------------  T H R E A D  ---------------

Current thread (0x000001ca8560c960):  JavaThread "restartedMain"        [_thread_in_Java, id=12596, stack(0x00000012e2b00000,0x00000012e2c00000) (1024K)]

Stack: [0x00000012e2b00000,0x00000012e2c00000],  sp=0x00000012e2bfe0b0,  free space=1016k
Native frames: (J=compiled Java code, j=interpreted, Vv=VM code, C=native code)
C  0x000001caea104c88  (no source info available)

The last pc belongs to invokestatic (printed below).

siginfo: EXCEPTION_ACCESS_VIOLATION (0xc0000005), reading address 0xffffffffffffffff


Registers:
RAX=0x000001cafb1aaa38, RBX=0x000001cafa493578, RCX=0x000001cafa3dee70, RDX=0x0000000000000002
RSP=0x00000012e2bfe0b0, RBP=0x00000012e2bfe108, RSI=0x000001cadcdf1ad8, RDI=0x000001ca833bb090
R8 =0x0000000000000004, R9 =0x0000000000000004, R10=0x00007ffefb820cc0, R11=0x000001cafa3daba0
R12=0x0000000000000000, R13=0xfffffffffffffff7, R14=0x00000012e2bfe128, R15=0x000001ca8560c960
RIP=0x000001caea104c88, EFLAGS=0x0000000000010282


Register to memory mapping:

RAX=0x000001cafb1aaa38 is pointing into metadata
RBX={method} {0x000001cafa493580} 'linkToSpecial' '(Ljava/lang/Object;Ljava/lang/invoke/MemberName;)V' in 'java/lang/invoke/MethodHandle'
RCX=0x000001cafa3dee70 is pointing into metadata
RDX=0x0000000000000002 is an unknown value
RSP=0x00000012e2bfe0b0 is pointing into the stack for thread: 0x000001ca8560c960
RBP=0x00000012e2bfe108 is pointing into the stack for thread: 0x000001ca8560c960
RSI=0x000001cadcdf1ad8 points into unknown readable memory: 0x88001700256579b7 | b7 79 65 25 00 17 00 88
RDI=0x000001ca833bb090 points into unknown readable memory: 0x0000001800000070 | 70 00 00 00 18 00 00 00
R8 =0x0000000000000004 is an unknown value
R9 =0x0000000000000004 is an unknown value
R10=0x00007ffefb820cc0 jvm.dll
R11={method} {0x000001cafa3daba8} 'newInvokeSpecial' '(Ljava/lang/Object;)Ljava/lang/Object;' in 'java/lang/invoke/DirectMethodHandle$Holder'
R12=0x0 is null
R13=0xfffffffffffffff7 is an unknown value
R14=0x00000012e2bfe128 is pointing into the stack for thread: 0x000001ca8560c960
R15=0x000001ca8560c960 is a thread

Top of Stack: (sp=0x00000012e2bfe0b0)
0x00000012e2bfe0b0:   000001caea0e91fa 00000007119648c8
0x00000012e2bfe0c0:   fffffffffffffff7 000001cafa3dab8f
0x00000012e2bfe0d0:   0000000000000004 000001cafa3df710
0x00000012e2bfe0e0:   000001cafb1aaa30 000000070c2bb7f8
0x00000012e2bfe0f0:   000001cafa3daba0 0000000000000000
0x00000012e2bfe100:   00000012e2bfe130 000000070e6286c8
0x00000012e2bfe110:   000001cae2faf892 0000000711964820
0x00000012e2bfe120:   00000007119648c8 0000000711964880
0x00000012e2bfe130:   000000070c3c2978 000000070cfccc40
0x00000012e2bfe140:   000000070e650400 00000007119644e8
0x00000012e2bfe150:   000000070e600518 000000070c76be40
0x00000012e2bfe160:   00000000e1878535 000000070c3c29c0
0x00000012e2bfe170:   0000000000000000 0000000711964688
0x00000012e2bfe180:   000000070e6286c8 000001cae33e7c8c
0x00000012e2bfe190:   0000000711964688 000000070e6602f0
0x00000012e2bfe1a0:   00000000e1cc03d5 000001caeaba2164
0x00000012e2bfe1b0:   0000000000000000 000001caea1134cd
0x00000012e2bfe1c0:   000000071195e5e8 000000071195e080
0x00000012e2bfe1d0:   000000070e601ea8 000000070c3c2990
0x00000012e2bfe1e0:   0000000700000000 00000007119648b0
0x00000012e2bfe1f0:   0000000711964678 00000007119644e8
0x00000012e2bfe200:   000000070c6addb8 0000000711964620
0x00000012e2bfe210:   000000070e600518 0000000000000001
0x00000012e2bfe220:   000000070e6286c8 000001cae340ee7c
0x00000012e2bfe230:   0000000711964620 0000000000000000
0x00000012e2bfe240:   0000000000000001 0000000711964880
0x00000012e2bfe250:   0000000711964620 000000070c9a3688
0x00000012e2bfe260:   000000070e600518 000000070e600518
0x00000012e2bfe270:   000001ca00000001 0000000000000000
0x00000012e2bfe280:   0000000711964620 0000000000000000
0x00000012e2bfe290:   00000007119644e8 00000007119648b0
0x00000012e2bfe2a0:   000000120000003e 0000000000000000 

Instructions: (pc=0x000001caea104c88)
0x000001caea104b88:   ff d0 48 83 c4 20 ff e0 49 83 7f 08 00 0f 84 05
0x000001caea104b98:   00 00 00 e9 60 c3 fd ff 4c 8b 6d c0 4c 8b 75 c8
0x000001caea104ba8:   4e 8d 74 f5 00 c3 48 8b 4d d0 41 0f b7 55 01 48
0x000001caea104bb8:   8b 49 30 6b d2 18 48 8d 4c 11 08 48 8b 19 48 8b
0x000001caea104bc8:   5b 08 48 8b 5b 08 48 8b 5b 18 80 bb 20 01 00 00
0x000001caea104bd8:   05 0f 84 0d 00 00 00 4c 3b bb 30 01 00 00 0f 85
0x000001caea104be8:   63 fe ff ff 0f b6 51 15 48 8b 19 4c 89 6d c0 44
0x000001caea104bf8:   8b ea 0f b6 51 14 49 ba c0 0c 82 fb fe 7f 00 00
0x000001caea104c08:   49 8b 14 d2 52 41 8b d5 4c 8b 6d c0 48 8b 45 d8
0x000001caea104c18:   48 85 c0 0f 84 12 00 00 00 48 83 40 08 01 48 83
0x000001caea104c28:   58 08 00 48 83 c0 10 48 89 45 d8 48 8b 45 d8 48
0x000001caea104c38:   85 c0 0f 84 23 01 00 00 80 78 f0 0a 0f 85 19 01
0x000001caea104c48:   00 00 48 83 c0 08 4c 8b 68 f8 41 83 ed 00 41 83
0x000001caea104c58:   fd 02 0f 8c f8 00 00 00 4c 8b 6b 08 45 0f b7 6d
0x000001caea104c68:   2e 4c 2b 28 41 83 ed 01 4e 8b 6c ec 08 4d 85 ed
0x000001caea104c78:   75 0e f6 40 08 01 75 4b f0 48 83 48 08 01 eb 43
0x000001caea104c88:   45 8b 6d 08 4d 8b d5 4c 33 68 08 49 f7 c5 fc ff
0x000001caea104c98:   ff ff 74 2f 41 f6 c5 02 75 29 48 83 78 08 00 74
0x000001caea104ca8:   1e 48 83 78 08 01 74 17 4d 8b ea 4c 33 68 08 49
0x000001caea104cb8:   f7 c5 fc ff ff ff 74 0b 48 83 48 08 02 eb 04 4c
0x000001caea104cc8:   89 68 08 48 83 c0 10 4c 8b 68 e8 41 83 ed 02 41
0x000001caea104cd8:   83 fd 02 0f 8c 77 00 00 00 4c 8b 6b 08 45 0f b7
0x000001caea104ce8:   6d 2e 4c 2b 28 41 83 ed 01 4e 8b 6c ec 08 4d 85
0x000001caea104cf8:   ed 75 0e f6 40 08 01 75 4b f0 48 83 48 08 01 eb
0x000001caea104d08:   43 45 8b 6d 08 4d 8b d5 4c 33 68 08 49 f7 c5 fc
0x000001caea104d18:   ff ff ff 74 2f 41 f6 c5 02 75 29 48 83 78 08 00
0x000001caea104d28:   74 1e 48 83 78 08 01 74 17 4d 8b ea 4c 33 68 08
0x000001caea104d38:   49 f7 c5 fc ff ff ff 74 0b 48 83 48 08 02 eb 04
0x000001caea104d48:   4c 89 68 08 48 83 c0 10 4c 8b 68 d8 41 83 ed 04
0x000001caea104d58:   41 c1 e5 03 49 03 c5 48 89 45 d8 4c 8d 6c 24 08
0x000001caea104d68:   49 8b cd 48 2b cd 48 c1 f9 03 48 89 4d f0 41 80
0x000001caea104d78:   bf e8 05 00 00 00 74 03 ff 63 38 ff 63 50 66 90 


Stack slot to memory mapping:

stack at sp + 0 slots: 0x000001caea0e91fa is at code_begin+3450 in an Interpreter codelet
return entry points  [0x000001caea0e8480, 0x000001caea0ea640]  8640 bytes
stack at sp + 1 slots: 0x00000007119648c8 is an oop: com.project.Springframework.Controller.DistrictController 
{0x00000007119648c8} - klass: 'com/project/Springframework/Controller/DistrictController'
 - ---- fields (total size 3 words):
 - private 'districtService' 'Lcom/project/Springframework/service/DistrictService;' @12  null (0x00000000)
 - private 'stateService' 'Lcom/project/Springframework/service/StateService;' @16  null (0x00000000)
 - private 'countryService' 'Lcom/project/Springframework/service/CountryService;' @20  null (0x00000000)
stack at sp + 2 slots: 0xfffffffffffffff7 is an unknown value
stack at sp + 3 slots: 0x000001cafa3dab8f is pointing into metadata
stack at sp + 4 slots: 0x0000000000000004 is an unknown value
stack at sp + 5 slots: 0x000001cafa3df710 is pointing into metadata
stack at sp + 6 slots: 0x000001cafb1aaa30 is pointing into metadata
stack at sp + 7 slots: 0x000000070c2bb7f8 is an oop: java.lang.Class 
{0x000000070c2bb7f8} - klass: 'java/lang/Class'
 - ---- fields (total size 14 words):
 - private volatile transient 'classRedefinedCount' 'I' @12  0 (0x00000000)
 - injected 'klass' 'J' @16  2651009584 (0x000000009e033230)
 - injected 'array_klass' 'J' @24  0 (0x0000000000000000)
 - injected 'oop_size' 'I' @32  14 (0x0000000e)
 - injected 'static_oop_field_count' 'I' @36  0 (0x00000000)
 - private volatile transient 'cachedConstructor' 'Ljava/lang/reflect/Constructor;' @40  null (0x00000000)
 - private transient 'name' 'Ljava/lang/String;' @44  null (0x00000000)
 - private transient 'module' 'Ljava/lang/Module;' @48  a 'java/lang/Module'{0x000000070c2e0e48} (0xe185c1c9)
 - private final 'classLoader' 'Ljava/lang/ClassLoader;' @52  null (0x00000000)
 - private transient 'classData' 'Ljava/lang/Object;' @56  null (0x00000000)
 - private transient 'packageName' 'Ljava/lang/String;' @60  null (0x00000000)
 - private final 'componentType' 'Ljava/lang/Class;' @64  null (0x00000000)
 - private volatile transient 'reflectionData' 'Ljava/lang/ref/SoftReference;' @68  null (0x00000000)
 - private volatile transient 'genericInfo' 'Lsun/reflect/generics/repository/ClassRepository;' @72  null (0x00000000)
 - private volatile transient 'enumConstants' '[Ljava/lang/Object;' @76  null (0x00000000)
 - private volatile transient 'enumConstantDirectory' 'Ljava/util/Map;' @80  null (0x00000000)
 - private volatile transient 'annotationData' 'Ljava/lang/Class$AnnotationData;' @84  null (0x00000000)
 - private volatile transient 'annotationType' 'Lsun/reflect/annotation/AnnotationType;' @88  null (0x00000000)
 - transient 'classValueMap' 'Ljava/lang/ClassValue$ClassValueMap;' @92  null (0x00000000)
 - injected 'protection_domain' 'Ljava/lang/Object;' @96  null (0x00000000)
 - injected 'signers_name' 'Ljava/lang/Object;' @100  null (0x00000000)
 - injected 'source_file' 'Ljava/lang/Object;' @104  null (0x00000000)
 - signature: Ljava/lang/invoke/DirectMethodHandle$Holder;
 - ---- static fields (0):

invokestatic  184 invokestatic  [0x000001caea104a00, 0x000001caea104d88]  904 bytes
[MachCode]
  0x000001caea104a00: 4883 ec08 | c5fa 1104 | 24eb 1f48 | 83ec 10c5 | fb11 0424 | eb14 4883 | ec10 4889 | 0424 48c7 
  0x000001caea104a20: 4424 0800 | 0000 00eb | 0150 488b | 4dd0 410f | b755 0148 | 8b49 306b | d218 488d | 4c11 080f 
  0x000001caea104a40: b659 1681 | fbb8 0000 | 000f 8474 | 0100 00bb | b800 0000 | e805 0000 | 00e9 5001 | 0000 488b 
  0x000001caea104a60: d348 8d44 | 2408 4c89 | 6dc0 498b | cfc5 f877 | 4989 afb0 | 0300 0049 | 8987 a003 | 0000 4883 
  0x000001caea104a80: ec20 40f6 | c40f 0f84 | 1900 0000 | 4883 ec08 | 48b8 103a | f1fa fe7f | 0000 ffd0 | 4883 c408 
  0x000001caea104aa0: e90c 0000 | 0048 b810 | 3af1 fafe | 7f00 00ff | d048 83c4 | 2049 c787 | a003 0000 | 0000 0000 
  0x000001caea104ac0: 49c7 87b0 | 0300 0000 | 0000 0049 | c787 a803 | 0000 0000 | 0000 c5f8 | 7741 8b8f | 3405 0000 
  0x000001caea104ae0: f6c1 010f | 8442 0000 | 00f6 c102 | 0f85 3900 | 0000 4883 | ec20 40f6 | c40f 0f84 | 1900 0000 
  0x000001caea104b00: 4883 ec08 | 48b8 10e4 | f0fa fe7f | 0000 ffd0 | 4883 c408 | e90c 0000 | 0048 b810 | e4f0 fafe 
  0x000001caea104b20: 7f00 00ff | d048 83c4 | 20ff e049 | 8b8f e005 | 0000 4885 | c90f 8455 | 0000 008b | 899c 0000 
  0x000001caea104b40: 0083 f901 | 0f85 4600 | 0000 498b | 8fe0 0500 | 008b 89a0 | 0000 0048 | 83ec 2040 | f6c4 0f0f 
  0x000001caea104b60: 8419 0000 | 0048 83ec | 0848 b800 | e4f0 fafe | 7f00 00ff | d048 83c4 | 08e9 0c00 | 0000 48b8 
  0x000001caea104b80: 00e4 f0fa | fe7f 0000 | ffd0 4883 | c420 ffe0 | 4983 7f08 | 000f 8405 | 0000 00e9 | 60c3 fdff 
  0x000001caea104ba0: 4c8b 6dc0 | 4c8b 75c8 | 4e8d 74f5 | 00c3 488b | 4dd0 410f | b755 0148 | 8b49 306b | d218 488d 
  0x000001caea104bc0: 4c11 0848 | 8b19 488b | 5b08 488b | 5b08 488b | 5b18 80bb | 2001 0000 | 050f 840d | 0000 004c 
  0x000001caea104be0: 3bbb 3001 | 0000 0f85 | 63fe ffff | 0fb6 5115 | 488b 194c | 896d c044 | 8bea 0fb6 | 5114 49ba 
  0x000001caea104c00: c00c 82fb | fe7f 0000 | 498b 14d2 | 5241 8bd5 | 4c8b 6dc0 | 488b 45d8 | 4885 c00f | 8412 0000 
  0x000001caea104c20: 0048 8340 | 0801 4883 | 5808 0048 | 83c0 1048 | 8945 d848 | 8b45 d848 | 85c0 0f84 | 2301 0000 
  0x000001caea104c40: 8078 f00a | 0f85 1901 | 0000 4883 | c008 4c8b | 68f8 4183 | ed00 4183 | fd02 0f8c | f800 0000 
  0x000001caea104c60: 4c8b 6b08 | 450f b76d | 2e4c 2b28 | 4183 ed01 | 4e8b 6cec | 084d 85ed | 750e f640 | 0801 754b 
  0x000001caea104c80: f048 8348 | 0801 eb43 | 458b 6d08 | 4d8b d54c | 3368 0849 | f7c5 fcff | ffff 742f | 41f6 c502 
  0x000001caea104ca0: 7529 4883 | 7808 0074 | 1e48 8378 | 0801 7417 | 4d8b ea4c | 3368 0849 | f7c5 fcff | ffff 740b 
  0x000001caea104cc0: 4883 4808 | 02eb 044c | 8968 0848 | 83c0 104c | 8b68 e841 | 83ed 0241 | 83fd 020f | 8c77 0000 
  0x000001caea104ce0: 004c 8b6b | 0845 0fb7 | 6d2e 4c2b | 2841 83ed | 014e 8b6c | ec08 4d85 | ed75 0ef6 | 4008 0175 
  0x000001caea104d00: 4bf0 4883 | 4808 01eb | 4345 8b6d | 084d 8bd5 | 4c33 6808 | 49f7 c5fc | ffff ff74 | 2f41 f6c5 
  0x000001caea104d20: 0275 2948 | 8378 0800 | 741e 4883 | 7808 0174 | 174d 8bea | 4c33 6808 | 49f7 c5fc | ffff ff74 
  0x000001caea104d40: 0b48 8348 | 0802 eb04 | 4c89 6808 | 4883 c010 | 4c8b 68d8 | 4183 ed04 | 41c1 e503 | 4903 c548 
  0x000001caea104d60: 8945 d84c | 8d6c 2408 | 498b cd48 | 2bcd 48c1 | f903 4889 | 4df0 4180 | bfe8 0500 | 0000 7403 
  0x000001caea104d80: ff63 38ff | 6350 6690 
[/MachCode]

---------------  P R O C E S S  ---------------

Threads class SMR info:
_java_thread_list=0x000001ca8586fa50, length=23, elements={
0x000001cadf0cfb80, 0x000001caf965df20, 0x000001caf965e8a0, 0x000001caf9674510,
0x000001caf964a500, 0x000001caf964cf70, 0x000001caf963eee0, 0x000001caf966a300,
0x000001caf966adb0, 0x000001caf8ef4d60, 0x000001cafe064740, 0x000001caf99600f0,
0x000001caf9960780, 0x000001cafe5ea5c0, 0x000001ca81e83460, 0x000001ca85608130,
0x000001ca85608e50, 0x000001ca8560c960, 0x000001ca8560e3a0, 0x000001ca8560b5b0,
0x000001ca8560a890, 0x000001ca85607410, 0x000001ca856094e0
}

Java Threads: ( => current thread )
  0x000001cadf0cfb80 JavaThread "main"                              [_thread_blocked, id=13264, stack(0x00000012e1700000,0x00000012e1800000) (1024K)]
  0x000001caf965df20 JavaThread "Reference Handler"          daemon [_thread_blocked, id=3480, stack(0x00000012e1f00000,0x00000012e2000000) (1024K)]
  0x000001caf965e8a0 JavaThread "Finalizer"                  daemon [_thread_blocked, id=10140, stack(0x00000012e2000000,0x00000012e2100000) (1024K)]
  0x000001caf9674510 JavaThread "Signal Dispatcher"          daemon [_thread_blocked, id=8940, stack(0x00000012e2100000,0x00000012e2200000) (1024K)]
  0x000001caf964a500 JavaThread "Attach Listener"            daemon [_thread_blocked, id=9936, stack(0x00000012e2200000,0x00000012e2300000) (1024K)]
  0x000001caf964cf70 JavaThread "Service Thread"             daemon [_thread_blocked, id=20244, stack(0x00000012e2300000,0x00000012e2400000) (1024K)]
  0x000001caf963eee0 JavaThread "Monitor Deflation Thread"   daemon [_thread_blocked, id=17024, stack(0x00000012e2400000,0x00000012e2500000) (1024K)]
  0x000001caf966a300 JavaThread "C2 CompilerThread0"         daemon [_thread_blocked, id=10600, stack(0x00000012e2500000,0x00000012e2600000) (1024K)]
  0x000001caf966adb0 JavaThread "C1 CompilerThread0"         daemon [_thread_blocked, id=14020, stack(0x00000012e2600000,0x00000012e2700000) (1024K)]
  0x000001caf8ef4d60 JavaThread "Common-Cleaner"             daemon [_thread_blocked, id=5204, stack(0x00000012e2700000,0x00000012e2800000) (1024K)]
  0x000001cafe064740 JavaThread "JDWP Transport Listener: dt_socket" daemon [_thread_blocked, id=17540, stack(0x00000012e2800000,0x00000012e2900000) (1024K)]
  0x000001caf99600f0 JavaThread "JDWP Event Helper Thread"   daemon [_thread_blocked, id=9564, stack(0x00000012e2900000,0x00000012e2a00000) (1024K)]
  0x000001caf9960780 JavaThread "JDWP Command Reader"        daemon [_thread_blocked, id=19736, stack(0x00000012e2a00000,0x00000012e2b00000) (1024K)]
  0x000001cafe5ea5c0 JavaThread "Notification Thread"        daemon [_thread_blocked, id=19964, stack(0x00000012e2d00000,0x00000012e2e00000) (1024K)]
  0x000001ca81e83460 JavaThread "mysql-cj-abandoned-connection-cleanup" daemon [_thread_blocked, id=20276, stack(0x00000012e3b00000,0x00000012e3c00000) (1024K)]
  0x000001ca85608130 JavaThread "Live Reload Server"         daemon [_thread_in_native, id=8900, stack(0x00000012e4100000,0x00000012e4200000) (1024K)]
  0x000001ca85608e50 JavaThread "Thread-11"                         [_thread_blocked, id=4956, stack(0x00000012e1400000,0x00000012e1500000) (1024K)]
=>0x000001ca8560c960 JavaThread "restartedMain"                     [_thread_in_Java, id=12596, stack(0x00000012e2b00000,0x00000012e2c00000) (1024K)]
  0x000001ca8560e3a0 JavaThread "Catalina-utility-1"                [_thread_blocked, id=5612, stack(0x00000012e2c00000,0x00000012e2d00000) (1024K)]
  0x000001ca8560b5b0 JavaThread "Catalina-utility-2"                [_thread_blocked, id=11304, stack(0x00000012e3500000,0x00000012e3600000) (1024K)]
  0x000001ca8560a890 JavaThread "container-0"                       [_thread_blocked, id=19880, stack(0x00000012e3600000,0x00000012e3700000) (1024K)]
  0x000001ca85607410 JavaThread "HikariPool-4 housekeeper"   daemon [_thread_blocked, id=16788, stack(0x00000012e3700000,0x00000012e3800000) (1024K)]
  0x000001ca856094e0 JavaThread "HikariPool-4 connection adder" daemon [_thread_blocked, id=19996, stack(0x00000012e3900000,0x00000012e3a00000) (1024K)]
Total: 23

Other Threads:
  0x000001caf95b73b0 VMThread "VM Thread"                           [id=11520, stack(0x00000012e1e00000,0x00000012e1f00000) (1024K)] _threads_hazard_ptr=0x000001ca8586fa50
  0x000001caf8ef4270 WatcherThread "VM Periodic Task Thread"        [id=5920, stack(0x00000012e1d00000,0x00000012e1e00000) (1024K)]
  0x000001cadf133dd0 WorkerThread "GC Thread#0"                     [id=7196, stack(0x00000012e1800000,0x00000012e1900000) (1024K)]
  0x000001cafe7cc720 WorkerThread "GC Thread#1"                     [id=20212, stack(0x00000012e2e00000,0x00000012e2f00000) (1024K)]
  0x000001cafe65dd00 WorkerThread "GC Thread#2"                     [id=7300, stack(0x00000012e2f00000,0x00000012e3000000) (1024K)]
  0x000001cafe65e0b0 WorkerThread "GC Thread#3"                     [id=7396, stack(0x00000012e3000000,0x00000012e3100000) (1024K)]
  0x000001cafe864650 WorkerThread "GC Thread#4"                     [id=6984, stack(0x00000012e3100000,0x00000012e3200000) (1024K)]
  0x000001cafe89d620 WorkerThread "GC Thread#5"                     [id=16812, stack(0x00000012e3200000,0x00000012e3300000) (1024K)]
  0x000001cafe8a22a0 WorkerThread "GC Thread#6"                     [id=13836, stack(0x00000012e3300000,0x00000012e3400000) (1024K)]
  0x000001cafe982ce0 WorkerThread "GC Thread#7"                     [id=3336, stack(0x00000012e3400000,0x00000012e3500000) (1024K)]
  0x000001cadf142a80 ConcurrentGCThread "G1 Main Marker"            [id=3564, stack(0x00000012e1900000,0x00000012e1a00000) (1024K)]
  0x000001cadcedea90 WorkerThread "G1 Conc#0"                       [id=19672, stack(0x00000012e1a00000,0x00000012e1b00000) (1024K)]
  0x000001ca801b2540 WorkerThread "G1 Conc#1"                       [id=13152, stack(0x00000012e3800000,0x00000012e3900000) (1024K)]
  0x000001caf8dc4480 ConcurrentGCThread "G1 Refine#0"               [id=5144, stack(0x00000012e1b00000,0x00000012e1c00000) (1024K)]
  0x000001caf8dc4e10 ConcurrentGCThread "G1 Service"                [id=18836, stack(0x00000012e1c00000,0x00000012e1d00000) (1024K)]
Total: 15

Threads with active compile tasks:
Total: 0

VM state: synchronizing (normal execution)

VM Mutex/Monitor currently owned by a thread:  ([mutex/lock_event])
[0x00007ffefb810f80] Threads_lock - owner thread: 0x000001caf95b73b0

Heap address: 0x000000070c000000, size: 3904 MB, Compressed Oops mode: Zero based, Oop shift amount: 3

CDS archive(s) not mapped
Compressed class space mapped at: 0x000000009e000000-0x00000000de000000, reserved size: 1073741824
Narrow klass base: 0x0000000000000000, Narrow klass shift: 0, Narrow klass range: 0xde000000

GC Precious Log:
 CardTable entry size: 512
 Card Set container configuration: InlinePtr #cards 4 size 8 Array Of Cards #cards 16 size 48 Howl #buckets 8 coarsen threshold 3686 Howl Bitmap #cards 512 size 80 coarsen threshold 460 Card regions per heap region 1 cards per card region 4096
 CPUs: 8 total, 8 available
 Memory: 15610M
 Large Page Support: Disabled
 NUMA Support: Disabled
 Compressed Oops: Enabled (Zero based)
 Heap Region Size: 2M
 Heap Min Capacity: 8M
 Heap Initial Capacity: 244M
 Heap Max Capacity: 3904M
 Pre-touch: Disabled
 Parallel Workers: 8
 Concurrent Workers: 2
 Concurrent Refinement Workers: 8
 Periodic GC: Disabled

Heap:
 garbage-first heap   total reserved 3997696K, committed 110592K, used 48804K [0x000000070c000000, 0x0000000800000000)
  region size 2048K, 12 young (24576K), 2 survivors (4096K)
 Metaspace       used 88848K, committed 89728K, reserved 1179648K
  class space    used 11341K, committed 11712K, reserved 1048576K

Heap Regions: E=young(eden), S=young(survivor), O=old, HS=humongous(starts), HC=humongous(continues), CS=collection set, F=free, TAMS=top-at-mark-start, PB=parsable bottom
|   0|0x000000070c000000, 0x000000070c200000, 0x000000070c200000|100%| O|  |TAMS 0x000000070c000000| PB 0x000000070c000000| Untracked |  0
|   1|0x000000070c200000, 0x000000070c3fffe0, 0x000000070c400000| 99%| O|  |TAMS 0x000000070c200000| PB 0x000000070c200000| Untracked |  0
|   2|0x000000070c400000, 0x000000070c600000, 0x000000070c600000|100%| O|  |TAMS 0x000000070c400000| PB 0x000000070c400000| Untracked |  0
|   3|0x000000070c600000, 0x000000070c7fffe0, 0x000000070c800000| 99%| O|  |TAMS 0x000000070c600000| PB 0x000000070c600000| Untracked |  0
|   4|0x000000070c800000, 0x000000070c9ffff8, 0x000000070ca00000| 99%| O|  |TAMS 0x000000070c800000| PB 0x000000070c800000| Untracked |  0
|   5|0x000000070ca00000, 0x000000070cc00000, 0x000000070cc00000|100%| O|  |TAMS 0x000000070ca00000| PB 0x000000070ca00000| Untracked |  0
|   6|0x000000070cc00000, 0x000000070cdfffe8, 0x000000070ce00000| 99%| O|  |TAMS 0x000000070cc00000| PB 0x000000070cc00000| Untracked |  0
|   7|0x000000070ce00000, 0x000000070d000000, 0x000000070d000000|100%| O|  |TAMS 0x000000070ce00000| PB 0x000000070ce00000| Untracked |  0
|   8|0x000000070d000000, 0x000000070d1ffff0, 0x000000070d200000| 99%| O|  |TAMS 0x000000070d000000| PB 0x000000070d000000| Untracked |  0
|   9|0x000000070d200000, 0x000000070d3ffff8, 0x000000070d400000| 99%| O|  |TAMS 0x000000070d200000| PB 0x000000070d200000| Untracked |  0
|  10|0x000000070d400000, 0x000000070d5fffa8, 0x000000070d600000| 99%| O|  |TAMS 0x000000070d400000| PB 0x000000070d400000| Untracked |  0
|  11|0x000000070d600000, 0x000000070d7ffff0, 0x000000070d800000| 99%| O|  |TAMS 0x000000070d600000| PB 0x000000070d600000| Untracked |  0
|  12|0x000000070d800000, 0x000000070d9fccb0, 0x000000070da00000| 99%| O|  |TAMS 0x000000070d800000| PB 0x000000070d800000| Untracked |  0
|  13|0x000000070da00000, 0x000000070da47f88, 0x000000070dc00000| 14%| O|  |TAMS 0x000000070da00000| PB 0x000000070da00000| Untracked |  0
|  14|0x000000070dc00000, 0x000000070dc356b8, 0x000000070de00000| 10%| O|  |TAMS 0x000000070dc00000| PB 0x000000070dc00000| Untracked |  0
|  15|0x000000070de00000, 0x000000070de00000, 0x000000070e000000|  0%| F|  |TAMS 0x000000070de00000| PB 0x000000070de00000| Untracked |  0
|  16|0x000000070e000000, 0x000000070e000000, 0x000000070e200000|  0%| F|  |TAMS 0x000000070e000000| PB 0x000000070e000000| Untracked |  0
|  17|0x000000070e200000, 0x000000070e200000, 0x000000070e400000|  0%| F|  |TAMS 0x000000070e200000| PB 0x000000070e200000| Untracked |  0
|  18|0x000000070e400000, 0x000000070e52f138, 0x000000070e600000| 59%| S|CS|TAMS 0x000000070e400000| PB 0x000000070e400000| Complete |  0
|  19|0x000000070e600000, 0x000000070e800000, 0x000000070e800000|100%| S|CS|TAMS 0x000000070e600000| PB 0x000000070e600000| Complete |  0
|  20|0x000000070e800000, 0x000000070e800000, 0x000000070ea00000|  0%| F|  |TAMS 0x000000070e800000| PB 0x000000070e800000| Untracked |  0
|  21|0x000000070ea00000, 0x000000070ea00000, 0x000000070ec00000|  0%| F|  |TAMS 0x000000070ea00000| PB 0x000000070ea00000| Untracked |  0
|  22|0x000000070ec00000, 0x000000070ec00000, 0x000000070ee00000|  0%| F|  |TAMS 0x000000070ec00000| PB 0x000000070ec00000| Untracked |  0
|  23|0x000000070ee00000, 0x000000070ee00000, 0x000000070f000000|  0%| F|  |TAMS 0x000000070ee00000| PB 0x000000070ee00000| Untracked |  0
|  24|0x000000070f000000, 0x000000070f000000, 0x000000070f200000|  0%| F|  |TAMS 0x000000070f000000| PB 0x000000070f000000| Untracked |  0
|  25|0x000000070f200000, 0x000000070f200000, 0x000000070f400000|  0%| F|  |TAMS 0x000000070f200000| PB 0x000000070f200000| Untracked |  0
|  26|0x000000070f400000, 0x000000070f400000, 0x000000070f600000|  0%| F|  |TAMS 0x000000070f400000| PB 0x000000070f400000| Untracked |  0
|  27|0x000000070f600000, 0x000000070f600000, 0x000000070f800000|  0%| F|  |TAMS 0x000000070f600000| PB 0x000000070f600000| Untracked |  0
|  28|0x000000070f800000, 0x000000070f800000, 0x000000070fa00000|  0%| F|  |TAMS 0x000000070f800000| PB 0x000000070f800000| Untracked |  0
|  29|0x000000070fa00000, 0x000000070fa00000, 0x000000070fc00000|  0%| F|  |TAMS 0x000000070fa00000| PB 0x000000070fa00000| Untracked |  0
|  30|0x000000070fc00000, 0x000000070fc00000, 0x000000070fe00000|  0%| F|  |TAMS 0x000000070fc00000| PB 0x000000070fc00000| Untracked |  0
|  31|0x000000070fe00000, 0x000000070fe00000, 0x0000000710000000|  0%| F|  |TAMS 0x000000070fe00000| PB 0x000000070fe00000| Untracked |  0
|  32|0x0000000710000000, 0x0000000710000000, 0x0000000710200000|  0%| F|  |TAMS 0x0000000710000000| PB 0x0000000710000000| Untracked |  0
|  33|0x0000000710200000, 0x0000000710200000, 0x0000000710400000|  0%| F|  |TAMS 0x0000000710200000| PB 0x0000000710200000| Untracked |  0
|  34|0x0000000710400000, 0x0000000710400000, 0x0000000710600000|  0%| F|  |TAMS 0x0000000710400000| PB 0x0000000710400000| Untracked |  0
|  35|0x0000000710600000, 0x0000000710600000, 0x0000000710800000|  0%| F|  |TAMS 0x0000000710600000| PB 0x0000000710600000| Untracked |  0
|  36|0x0000000710800000, 0x0000000710800000, 0x0000000710a00000|  0%| F|  |TAMS 0x0000000710800000| PB 0x0000000710800000| Untracked |  0
|  37|0x0000000710a00000, 0x0000000710a00000, 0x0000000710c00000|  0%| F|  |TAMS 0x0000000710a00000| PB 0x0000000710a00000| Untracked |  0
|  38|0x0000000710c00000, 0x0000000710c00000, 0x0000000710e00000|  0%| F|  |TAMS 0x0000000710c00000| PB 0x0000000710c00000| Untracked |  0
|  39|0x0000000710e00000, 0x0000000710e00000, 0x0000000711000000|  0%| F|  |TAMS 0x0000000710e00000| PB 0x0000000710e00000| Untracked |  0
|  40|0x0000000711000000, 0x0000000711000000, 0x0000000711200000|  0%| F|  |TAMS 0x0000000711000000| PB 0x0000000711000000| Untracked |  0
|  41|0x0000000711200000, 0x0000000711200000, 0x0000000711400000|  0%| F|  |TAMS 0x0000000711200000| PB 0x0000000711200000| Untracked |  0
|  42|0x0000000711400000, 0x0000000711400000, 0x0000000711600000|  0%| F|  |TAMS 0x0000000711400000| PB 0x0000000711400000| Untracked |  0
|  43|0x0000000711600000, 0x0000000711600000, 0x0000000711800000|  0%| F|  |TAMS 0x0000000711600000| PB 0x0000000711600000| Untracked |  0
|  44|0x0000000711800000, 0x00000007119aebc0, 0x0000000711a00000| 84%| E|  |TAMS 0x0000000711800000| PB 0x0000000711800000| Complete |  0
|  45|0x0000000711a00000, 0x0000000711c00000, 0x0000000711c00000|100%| E|CS|TAMS 0x0000000711a00000| PB 0x0000000711a00000| Complete |  0
|  46|0x0000000711c00000, 0x0000000711e00000, 0x0000000711e00000|100%| E|CS|TAMS 0x0000000711c00000| PB 0x0000000711c00000| Complete |  0
|  47|0x0000000711e00000, 0x0000000712000000, 0x0000000712000000|100%| E|CS|TAMS 0x0000000711e00000| PB 0x0000000711e00000| Complete |  0
|  48|0x0000000712000000, 0x0000000712200000, 0x0000000712200000|100%| E|CS|TAMS 0x0000000712000000| PB 0x0000000712000000| Complete |  0
|  49|0x0000000712200000, 0x0000000712400000, 0x0000000712400000|100%| E|CS|TAMS 0x0000000712200000| PB 0x0000000712200000| Complete |  0
|  50|0x0000000712400000, 0x0000000712600000, 0x0000000712600000|100%| E|CS|TAMS 0x0000000712400000| PB 0x0000000712400000| Complete |  0
|  51|0x0000000712600000, 0x0000000712800000, 0x0000000712800000|100%| E|CS|TAMS 0x0000000712600000| PB 0x0000000712600000| Complete |  0
|  52|0x0000000712800000, 0x0000000712a00000, 0x0000000712a00000|100%| E|CS|TAMS 0x0000000712800000| PB 0x0000000712800000| Complete |  0
| 121|0x000000071b200000, 0x000000071b400000, 0x000000071b400000|100%| E|CS|TAMS 0x000000071b200000| PB 0x000000071b200000| Complete |  0

Card table byte_map: [0x000001caf2680000,0x000001caf2e20000] _byte_map_base: 0x000001caeee20000

Marking Bits: (CMBitMap*) 0x000001cadf1344e0
 Bits: [0x000001caf2e20000, 0x000001caf6b20000)

Polling page: 0x000001cadd060000

Metaspace:

Usage:
  Non-class:     75.69 MB used.
      Class:     11.08 MB used.
       Both:     86.77 MB used.

Virtual space:
  Non-class space:      128.00 MB reserved,      76.19 MB ( 60%) committed,  2 nodes.
      Class space:        1.00 GB reserved,      11.44 MB (  1%) committed,  1 nodes.
             Both:        1.12 GB reserved,      87.62 MB (  8%) committed. 

Chunk freelists:
   Non-Class:  3.47 MB
       Class:  4.60 MB
        Both:  8.07 MB

MaxMetaspaceSize: unlimited
CompressedClassSpaceSize: 1.00 GB
Initial GC threshold: 21.00 MB
Current GC threshold: 144.81 MB
CDS: off
 - commit_granule_bytes: 65536.
 - commit_granule_words: 8192.
 - virtual_space_node_default_size: 8388608.
 - enlarge_chunks_in_place: 1.
 - use_allocation_guard: 0.


Internal statistics:

num_allocs_failed_limit: 9.
num_arena_births: 1060.
num_arena_deaths: 2.
num_vsnodes_births: 3.
num_vsnodes_deaths: 0.
num_space_committed: 1402.
num_space_uncommitted: 0.
num_chunks_returned_to_freelist: 12.
num_chunks_taken_from_freelist: 4005.
num_chunk_merges: 9.
num_chunk_splits: 2814.
num_chunks_enlarged: 2144.
num_inconsistent_stats: 0.

CodeHeap 'non-profiled nmethods': size=120000Kb used=7045Kb max_used=7079Kb free=112954Kb
 bounds [0x000001caea680000, 0x000001caead70000, 0x000001caf1bb0000]
CodeHeap 'profiled nmethods': size=120000Kb used=15957Kb max_used=15957Kb free=104042Kb
 bounds [0x000001cae2bb0000, 0x000001cae3b60000, 0x000001caea0e0000]
CodeHeap 'non-nmethods': size=5760Kb used=1816Kb max_used=1907Kb free=3944Kb
 bounds [0x000001caea0e0000, 0x000001caea350000, 0x000001caea680000]
 total_blobs=8562 nmethods=7790 adapters=676
 compilation: enabled
              stopped_count=0, restarted_count=0
 full_count=0

Compilation events (20 events):
Event: 171.127 Thread 0x000001caf966adb0 nmethod 10152 0x000001cae3b50890 code [0x000001cae3b50a40, 0x000001cae3b50d28]
Event: 171.128 Thread 0x000001caf966adb0 10153       3       org.springframework.data.util.Streamable::of (18 bytes)
Event: 171.129 Thread 0x000001caf966adb0 nmethod 10153 0x000001cae3b50e90 code [0x000001cae3b510e0, 0x000001cae3b519a0]
Event: 171.129 Thread 0x000001caf966adb0 10154       3       org.springframework.data.util.Streamable$$Lambda/0x000000009e4413d0::<init> (10 bytes)
Event: 171.129 Thread 0x000001caf966adb0 nmethod 10154 0x000001cae335d510 code [0x000001cae335d6a0, 0x000001cae335d860]
Event: 171.132 Thread 0x000001caf966a300 nmethod 10146 0x000001caeac6be10 code [0x000001caeac6c0a0, 0x000001caeac6ccc0]
Event: 171.132 Thread 0x000001caf966a300 10147       4       java.util.regex.Pattern::next (33 bytes)
Event: 171.133 Thread 0x000001caf966a300 nmethod 10147 0x000001caeac6ba90 code [0x000001caeac6bc20, 0x000001caeac6bd28]
Event: 171.136 Thread 0x000001caf966a300 10155       4       jdk.internal.org.objectweb.asm.ClassWriter::visitField (53 bytes)
Event: 171.141 Thread 0x000001caf966a300 nmethod 10155 0x000001caeac6b010 code [0x000001caeac6b1c0, 0x000001caeac6b7b8]
Event: 171.148 Thread 0x000001caf966adb0 10156       3       java.lang.invoke.DirectMethodHandle$Holder::invokeVirtual (15 bytes)
Event: 171.149 Thread 0x000001caf966adb0 nmethod 10156 0x000001cae3b51d10 code [0x000001cae3b51ee0, 0x000001cae3b52370]
Event: 171.150 Thread 0x000001caf966a300 10157       4       java.util.stream.AbstractPipeline::exactOutputSizeIfKnown (86 bytes)
Event: 171.151 Thread 0x000001caf966a300 nmethod 10157 0x000001caeac6ac90 code [0x000001caeac6ae20, 0x000001caeac6af28]
Event: 171.151 Thread 0x000001caf966a300 10158       4       java.util.Optional::map (30 bytes)
Event: 171.153 Thread 0x000001caf966a300 nmethod 10158 0x000001caeac6a810 code [0x000001caeac6a9a0, 0x000001caeac6ab00]
Event: 171.153 Thread 0x000001caf966a300 10159       4       org.springframework.core.ResolvableType::getType (8 bytes)
Event: 171.155 Thread 0x000001caf966a300 nmethod 10159 0x000001caeac6a210 code [0x000001caeac6a3e0, 0x000001caeac6a628]
Event: 171.155 Thread 0x000001caf966a300 10160       4       java.util.stream.FindOps$FindSink$OfRef::get (5 bytes)
Event: 171.157 Thread 0x000001caf966a300 nmethod 10160 0x000001caeac69e10 code [0x000001caeac69fa0, 0x000001caeac6a130]

GC Heap History (20 events):
Event: 58.757 GC heap before
{Heap before GC invocations=26 (full 0):
 garbage-first heap   total reserved 3997696K, committed 77824K, used 61122K [0x000000070c000000, 0x0000000800000000)
  region size 2048K, 18 young (36864K), 3 survivors (6144K)
 Metaspace       used 83591K, committed 84352K, reserved 1179648K
  class space    used 10862K, committed 11200K, reserved 1048576K
}
Event: 58.762 GC heap after
{Heap after GC invocations=27 (full 0):
 garbage-first heap   total reserved 3997696K, committed 77824K, used 32572K [0x000000070c000000, 0x0000000800000000)
  region size 2048K, 2 young (4096K), 2 survivors (4096K)
 Metaspace       used 83591K, committed 84352K, reserved 1179648K
  class space    used 10862K, committed 11200K, reserved 1048576K
}
Event: 129.455 GC heap before
{Heap before GC invocations=27 (full 0):
 garbage-first heap   total reserved 3997696K, committed 77824K, used 63292K [0x000000070c000000, 0x0000000800000000)
  region size 2048K, 18 young (36864K), 2 survivors (4096K)
 Metaspace       used 86230K, committed 86976K, reserved 1179648K
  class space    used 11182K, committed 11520K, reserved 1048576K
}
Event: 129.463 GC heap after
{Heap after GC invocations=28 (full 0):
 garbage-first heap   total reserved 3997696K, committed 77824K, used 34670K [0x000000070c000000, 0x0000000800000000)
  region size 2048K, 3 young (6144K), 3 survivors (6144K)
 Metaspace       used 86230K, committed 86976K, reserved 1179648K
  class space    used 11182K, committed 11520K, reserved 1048576K
}
Event: 161.556 GC heap before
{Heap before GC invocations=28 (full 0):
 garbage-first heap   total reserved 3997696K, committed 77824K, used 38766K [0x000000070c000000, 0x0000000800000000)
  region size 2048K, 6 young (12288K), 3 survivors (6144K)
 Metaspace       used 86329K, committed 87168K, reserved 1179648K
  class space    used 11211K, committed 11584K, reserved 1048576K
}
Event: 161.681 GC heap after
{Heap after GC invocations=29 (full 1):
 garbage-first heap   total reserved 3997696K, committed 77824K, used 28897K [0x000000070c000000, 0x0000000800000000)
  region size 2048K, 0 young (0K), 0 survivors (0K)
 Metaspace       used 86329K, committed 87168K, reserved 1179648K
  class space    used 11211K, committed 11584K, reserved 1048576K
}
Event: 162.981 GC heap before
{Heap before GC invocations=29 (full 1):
 garbage-first heap   total reserved 3997696K, committed 77824K, used 67809K [0x000000070c000000, 0x0000000800000000)
  region size 2048K, 20 young (40960K), 0 survivors (0K)
 Metaspace       used 86545K, committed 87296K, reserved 1179648K
  class space    used 11229K, committed 11584K, reserved 1048576K
}
Event: 162.985 GC heap after
{Heap after GC invocations=30 (full 1):
 garbage-first heap   total reserved 3997696K, committed 77824K, used 32684K [0x000000070c000000, 0x0000000800000000)
  region size 2048K, 2 young (4096K), 2 survivors (4096K)
 Metaspace       used 86545K, committed 87296K, reserved 1179648K
  class space    used 11229K, committed 11584K, reserved 1048576K
}
Event: 164.288 GC heap before
{Heap before GC invocations=30 (full 1):
 garbage-first heap   total reserved 3997696K, committed 77824K, used 65452K [0x000000070c000000, 0x0000000800000000)
  region size 2048K, 18 young (36864K), 2 survivors (4096K)
 Metaspace       used 87240K, committed 88000K, reserved 1179648K
  class space    used 11258K, committed 11584K, reserved 1048576K
}
Event: 164.292 GC heap after
{Heap after GC invocations=31 (full 1):
 garbage-first heap   total reserved 3997696K, committed 77824K, used 35727K [0x000000070c000000, 0x0000000800000000)
  region size 2048K, 2 young (4096K), 2 survivors (4096K)
 Metaspace       used 87240K, committed 88000K, reserved 1179648K
  class space    used 11258K, committed 11584K, reserved 1048576K
}
Event: 165.792 GC heap before
{Heap before GC invocations=31 (full 1):
 garbage-first heap   total reserved 3997696K, committed 77824K, used 37775K [0x000000070c000000, 0x0000000800000000)
  region size 2048K, 4 young (8192K), 2 survivors (4096K)
 Metaspace       used 87267K, committed 88064K, reserved 1179648K
  class space    used 11259K, committed 11584K, reserved 1048576K
}
Event: 165.916 GC heap after
{Heap after GC invocations=32 (full 2):
 garbage-first heap   total reserved 3997696K, committed 77824K, used 26746K [0x000000070c000000, 0x0000000800000000)
  region size 2048K, 0 young (0K), 0 survivors (0K)
 Metaspace       used 87267K, committed 88064K, reserved 1179648K
  class space    used 11259K, committed 11584K, reserved 1048576K
}
Event: 166.891 GC heap before
{Heap before GC invocations=32 (full 2):
 garbage-first heap   total reserved 3997696K, committed 77824K, used 65658K [0x000000070c000000, 0x0000000800000000)
  region size 2048K, 19 young (38912K), 0 survivors (0K)
 Metaspace       used 87612K, committed 88448K, reserved 1179648K
  class space    used 11277K, committed 11648K, reserved 1048576K
}
Event: 166.894 GC heap after
{Heap after GC invocations=33 (full 2):
 garbage-first heap   total reserved 3997696K, committed 77824K, used 30279K [0x000000070c000000, 0x0000000800000000)
  region size 2048K, 2 young (4096K), 2 survivors (4096K)
 Metaspace       used 87612K, committed 88448K, reserved 1179648K
  class space    used 11277K, committed 11648K, reserved 1048576K
}
Event: 167.852 GC heap before
{Heap before GC invocations=33 (full 2):
 garbage-first heap   total reserved 3997696K, committed 77824K, used 65095K [0x000000070c000000, 0x0000000800000000)
  region size 2048K, 19 young (38912K), 2 survivors (4096K)
 Metaspace       used 88200K, committed 88960K, reserved 1179648K
  class space    used 11305K, committed 11648K, reserved 1048576K
}
Event: 167.857 GC heap after
{Heap after GC invocations=34 (full 2):
 garbage-first heap   total reserved 3997696K, committed 77824K, used 33737K [0x000000070c000000, 0x0000000800000000)
  region size 2048K, 2 young (4096K), 2 survivors (4096K)
 Metaspace       used 88200K, committed 88960K, reserved 1179648K
  class space    used 11305K, committed 11648K, reserved 1048576K
}
Event: 169.346 GC heap before
{Heap before GC invocations=34 (full 2):
 garbage-first heap   total reserved 3997696K, committed 77824K, used 35785K [0x000000070c000000, 0x0000000800000000)
  region size 2048K, 4 young (8192K), 2 survivors (4096K)
 Metaspace       used 88207K, committed 88960K, reserved 1179648K
  class space    used 11305K, committed 11648K, reserved 1048576K
}
Event: 169.449 GC heap after
{Heap after GC invocations=35 (full 3):
 garbage-first heap   total reserved 3997696K, committed 77824K, used 27112K [0x000000070c000000, 0x0000000800000000)
  region size 2048K, 0 young (0K), 0 survivors (0K)
 Metaspace       used 88204K, committed 88960K, reserved 1179648K
  class space    used 11305K, committed 11648K, reserved 1048576K
}
Event: 170.394 GC heap before
{Heap before GC invocations=35 (full 3):
 garbage-first heap   total reserved 3997696K, committed 77824K, used 63976K [0x000000070c000000, 0x0000000800000000)
  region size 2048K, 18 young (36864K), 0 survivors (0K)
 Metaspace       used 88412K, committed 89216K, reserved 1179648K
  class space    used 11321K, committed 11712K, reserved 1048576K
}
Event: 170.398 GC heap after
{Heap after GC invocations=36 (full 3):
 garbage-first heap   total reserved 3997696K, committed 110592K, used 30372K [0x000000070c000000, 0x0000000800000000)
  region size 2048K, 2 young (4096K), 2 survivors (4096K)
 Metaspace       used 88412K, committed 89216K, reserved 1179648K
  class space    used 11321K, committed 11712K, reserved 1048576K
}

Dll operation events (13 events):
Event: 0.037 Loaded shared library C:\Users\hpwor\.p2\pool\plugins\org.eclipse.justj.openjdk.hotspot.jre.full.win32.x86_64_22.0.2.v20240802-1626\jre\bin\java.dll
Event: 0.045 Loaded shared library C:\Users\hpwor\.p2\pool\plugins\org.eclipse.justj.openjdk.hotspot.jre.full.win32.x86_64_22.0.2.v20240802-1626\jre\bin\zip.dll
Event: 0.485 Loaded shared library C:\Users\hpwor\.p2\pool\plugins\org.eclipse.justj.openjdk.hotspot.jre.full.win32.x86_64_22.0.2.v20240802-1626\jre\bin\instrument.dll
Event: 0.497 Loaded shared library C:\Users\hpwor\.p2\pool\plugins\org.eclipse.justj.openjdk.hotspot.jre.full.win32.x86_64_22.0.2.v20240802-1626\jre\bin\net.dll
Event: 0.498 Loaded shared library C:\Users\hpwor\.p2\pool\plugins\org.eclipse.justj.openjdk.hotspot.jre.full.win32.x86_64_22.0.2.v20240802-1626\jre\bin\nio.dll
Event: 0.506 Loaded shared library C:\Users\hpwor\.p2\pool\plugins\org.eclipse.justj.openjdk.hotspot.jre.full.win32.x86_64_22.0.2.v20240802-1626\jre\bin\zip.dll
Event: 0.725 Loaded shared library C:\Users\hpwor\.p2\pool\plugins\org.eclipse.justj.openjdk.hotspot.jre.full.win32.x86_64_22.0.2.v20240802-1626\jre\bin\jimage.dll
Event: 0.803 Loaded shared library C:\Users\hpwor\.p2\pool\plugins\org.eclipse.justj.openjdk.hotspot.jre.full.win32.x86_64_22.0.2.v20240802-1626\jre\bin\verify.dll
Event: 1.395 Loaded shared library C:\Users\hpwor\.p2\pool\plugins\org.eclipse.justj.openjdk.hotspot.jre.full.win32.x86_64_22.0.2.v20240802-1626\jre\bin\management.dll
Event: 1.399 Loaded shared library C:\Users\hpwor\.p2\pool\plugins\org.eclipse.justj.openjdk.hotspot.jre.full.win32.x86_64_22.0.2.v20240802-1626\jre\bin\management_ext.dll
Event: 2.399 Loaded shared library C:\Users\hpwor\.p2\pool\plugins\org.eclipse.justj.openjdk.hotspot.jre.full.win32.x86_64_22.0.2.v20240802-1626\jre\bin\le.dll
Event: 3.599 Loaded shared library C:\Users\hpwor\.p2\pool\plugins\org.eclipse.justj.openjdk.hotspot.jre.full.win32.x86_64_22.0.2.v20240802-1626\jre\bin\sunmscapi.dll
Event: 7.462 Loaded shared library C:\Users\hpwor\.p2\pool\plugins\org.eclipse.justj.openjdk.hotspot.jre.full.win32.x86_64_22.0.2.v20240802-1626\jre\bin\extnet.dll

Deoptimization events (20 events):
Event: 171.134 Thread 0x000001ca8560c960 DEOPT PACKING pc=0x000001cae315c4e9 sp=0x00000012e2bfafd0
Event: 171.134 Thread 0x000001ca8560c960 DEOPT UNPACKING pc=0x000001caea134e42 sp=0x00000012e2bfa4a8 mode 1
Event: 171.134 Thread 0x000001ca8560c960 DEOPT PACKING pc=0x000001cae315addc sp=0x00000012e2bfb060
Event: 171.134 Thread 0x000001ca8560c960 DEOPT UNPACKING pc=0x000001caea134e42 sp=0x00000012e2bfa610 mode 1
Event: 171.134 Thread 0x000001ca8560c960 DEOPT PACKING pc=0x000001cae3158294 sp=0x00000012e2bfb1d0
Event: 171.134 Thread 0x000001ca8560c960 DEOPT UNPACKING pc=0x000001caea134e42 sp=0x00000012e2bfa770 mode 1
Event: 171.134 Thread 0x000001ca8560c960 DEOPT PACKING pc=0x000001cae315c4e9 sp=0x00000012e2bfafd0
Event: 171.134 Thread 0x000001ca8560c960 DEOPT UNPACKING pc=0x000001caea134e42 sp=0x00000012e2bfa4a8 mode 1
Event: 171.134 Thread 0x000001ca8560c960 DEOPT PACKING pc=0x000001cae315addc sp=0x00000012e2bfb060
Event: 171.134 Thread 0x000001ca8560c960 DEOPT UNPACKING pc=0x000001caea134e42 sp=0x00000012e2bfa610 mode 1
Event: 171.134 Thread 0x000001ca8560c960 DEOPT PACKING pc=0x000001cae3158294 sp=0x00000012e2bfb1d0
Event: 171.134 Thread 0x000001ca8560c960 DEOPT UNPACKING pc=0x000001caea134e42 sp=0x00000012e2bfa770 mode 1
Event: 171.134 Thread 0x000001ca8560c960 DEOPT PACKING pc=0x000001cae315c4e9 sp=0x00000012e2bfafd0
Event: 171.134 Thread 0x000001ca8560c960 DEOPT UNPACKING pc=0x000001caea134e42 sp=0x00000012e2bfa4a8 mode 1
Event: 171.134 Thread 0x000001ca8560c960 DEOPT PACKING pc=0x000001cae315addc sp=0x00000012e2bfb060
Event: 171.134 Thread 0x000001ca8560c960 DEOPT UNPACKING pc=0x000001caea134e42 sp=0x00000012e2bfa610 mode 1
Event: 171.134 Thread 0x000001ca8560c960 DEOPT PACKING pc=0x000001cae3158294 sp=0x00000012e2bfb1d0
Event: 171.134 Thread 0x000001ca8560c960 DEOPT UNPACKING pc=0x000001caea134e42 sp=0x00000012e2bfa770 mode 1
Event: 174.431 Thread 0x000001ca8560c960 DEOPT PACKING pc=0x000001cae2f695f4 sp=0x00000012e2bfe0c0
Event: 174.431 Thread 0x000001ca8560c960 DEOPT UNPACKING pc=0x000001caea134e42 sp=0x00000012e2bfd578 mode 0

Classes loaded (20 events):
Event: 161.531 Loading class java/security/spec/InvalidKeySpecException
Event: 161.531 Loading class java/security/spec/InvalidKeySpecException done
Event: 161.532 Loading class javax/net/ssl/SSLSocket
Event: 161.533 Loading class javax/net/ssl/SSLSocket done
Event: 161.533 Loading class javax/crypto/NoSuchPaddingException
Event: 161.533 Loading class javax/crypto/NoSuchPaddingException done
Event: 161.533 Loading class java/security/InvalidKeyException
Event: 161.533 Loading class java/security/KeyException
Event: 161.533 Loading class java/security/KeyException done
Event: 161.534 Loading class java/security/InvalidKeyException done
Event: 161.534 Loading class javax/crypto/IllegalBlockSizeException
Event: 161.534 Loading class javax/crypto/IllegalBlockSizeException done
Event: 161.534 Loading class javax/crypto/BadPaddingException
Event: 161.534 Loading class javax/crypto/BadPaddingException done
Event: 161.534 Loading class java/security/SignatureException
Event: 161.535 Loading class java/security/SignatureException done
Event: 161.681 Loading class java/lang/ref/Finalizer$2
Event: 161.681 Loading class java/lang/ref/Finalizer$2 done
Event: 161.682 Loading class java/lang/ref/Finalizer$1
Event: 161.683 Loading class java/lang/ref/Finalizer$1 done

Classes unloaded (1 events):
Event: 169.385 Thread 0x000001caf95b73b0 Unloading class 0x000000009eb49800 'org/apache/catalina/loader/JdbcLeakPrevention'

Classes redefined (15 events):
Event: 160.146 Thread 0x000001caf95b73b0 redefined class name=com.project.Springframework.Controller.DistrictController, count=1
Event: 163.479 Thread 0x000001caf95b73b0 redefined class name=com.project.Springframework.Controller.DistrictController, count=2
Event: 167.451 Thread 0x000001caf95b73b0 redefined class name=com.project.Springframework.Controller.DistrictController, count=1
Event: 167.451 Thread 0x000001caf95b73b0 redefined class name=com.project.Springframework.Controller.DistrictController, count=3
Event: 169.635 Thread 0x000001caf95b73b0 redefined class name=com.project.Springframework.Controller.DistrictController, count=1
Event: 169.636 Thread 0x000001caf95b73b0 redefined class name=com.project.Springframework.Controller.DistrictController, count=2
Event: 169.636 Thread 0x000001caf95b73b0 redefined class name=com.project.Springframework.Controller.DistrictController, count=4
Event: 171.213 Thread 0x000001caf95b73b0 redefined class name=com.project.Springframework.Controller.DistrictController, count=3
Event: 171.213 Thread 0x000001caf95b73b0 redefined class name=com.project.Springframework.Controller.DistrictController, count=1
Event: 171.213 Thread 0x000001caf95b73b0 redefined class name=com.project.Springframework.Controller.DistrictController, count=5
Event: 171.213 Thread 0x000001caf95b73b0 redefined class name=com.project.Springframework.Controller.DistrictController, count=2
Event: 174.498 Thread 0x000001caf95b73b0 redefined class name=com.project.Springframework.Controller.DistrictController, count=4
Event: 174.498 Thread 0x000001caf95b73b0 redefined class name=com.project.Springframework.Controller.DistrictController, count=2
Event: 174.498 Thread 0x000001caf95b73b0 redefined class name=com.project.Springframework.Controller.DistrictController, count=6
Event: 174.498 Thread 0x000001caf95b73b0 redefined class name=com.project.Springframework.Controller.DistrictController, count=3

Internal exceptions (20 events):
Event: 166.639 Thread 0x000001ca81d37d50 Exception <a 'java/lang/NoClassDefFoundError'{0x000000070f5cc5b8}: org/flywaydb/core/Flyway> (0x000000070f5cc5b8) 
thrown [s\src\hotspot\share\oops\constantPool.cpp, line 872]
Event: 166.641 Thread 0x000001ca81d37d50 Exception <a 'java/lang/NoClassDefFoundError'{0x000000070f5ccc18}: liquibase/integration/spring/SpringLiquibase> (0x000000070f5ccc18) 
thrown [s\src\hotspot\share\oops\constantPool.cpp, line 872]
Event: 166.649 Thread 0x000001ca81d37d50 Exception <a 'java/lang/NoClassDefFoundError'{0x000000070f225cf0}: org/jooq/DSLContext> (0x000000070f225cf0) 
thrown [s\src\hotspot\share\oops\constantPool.cpp, line 872]
Event: 166.651 Thread 0x000001ca81d37d50 Exception <a 'java/lang/NoClassDefFoundError'{0x000000070f22ffb8}: org/springframework/batch/core/repository/JobRepository> (0x000000070f22ffb8) 
thrown [s\src\hotspot\share\oops\constantPool.cpp, line 872]
Event: 166.652 Thread 0x000001ca81d37d50 Exception <a 'java/lang/NoClassDefFoundError'{0x000000070f230610}: org/quartz/Scheduler> (0x000000070f230610) 
thrown [s\src\hotspot\share\oops\constantPool.cpp, line 872]
Event: 166.653 Thread 0x000001ca81d37d50 Exception <a 'java/lang/NoClassDefFoundError'{0x000000070f230c90}: org/springframework/session/jdbc/JdbcIndexedSessionRepository> (0x000000070f230c90) 
thrown [s\src\hotspot\share\oops\constantPool.cpp, line 872]
Event: 166.761 Thread 0x000001ca81d37d50 Exception <a 'java/io/FileNotFoundException'{0x000000070ec8f400}> (0x000000070ec8f400) 
thrown [s\src\hotspot\share\prims\jni.cpp, line 520]
Event: 166.789 Thread 0x000001ca81d37d50 Exception <a 'java/io/FileNotFoundException'{0x000000070ea3caa8}> (0x000000070ea3caa8) 
thrown [s\src\hotspot\share\prims\jni.cpp, line 520]
Event: 167.504 Thread 0x000001ca81d37d50 Implicit null exception at 0x000001caead46693 to 0x000001caead47878
Event: 167.573 Thread 0x000001ca81d37d50 Implicit null exception at 0x000001caead4a027 to 0x000001caead4b220
Event: 169.345 Thread 0x000001ca81d36310 Exception <a 'java/lang/InterruptedException'{0x000000071134e710}: sleep interrupted> (0x000000071134e710) 
thrown [s\src\hotspot\share\prims\jvm.cpp, line 3093]
Event: 169.493 Thread 0x000001ca8560c960 Exception <a 'sun/nio/fs/WindowsException'{0x000000071b27d640}> (0x000000071b27d640) 
thrown [s\src\hotspot\share\prims\jni.cpp, line 520]
Event: 170.236 Thread 0x000001ca8560c960 Exception <a 'java/lang/NoClassDefFoundError'{0x000000070f5c42e0}: org/flywaydb/core/Flyway> (0x000000070f5c42e0) 
thrown [s\src\hotspot\share\oops\constantPool.cpp, line 872]
Event: 170.238 Thread 0x000001ca8560c960 Exception <a 'java/lang/NoClassDefFoundError'{0x000000070f5c4940}: liquibase/integration/spring/SpringLiquibase> (0x000000070f5c4940) 
thrown [s\src\hotspot\share\oops\constantPool.cpp, line 872]
Event: 170.247 Thread 0x000001ca8560c960 Exception <a 'java/lang/NoClassDefFoundError'{0x000000070f21cab0}: org/jooq/DSLContext> (0x000000070f21cab0) 
thrown [s\src\hotspot\share\oops\constantPool.cpp, line 872]
Event: 170.250 Thread 0x000001ca8560c960 Exception <a 'java/lang/NoClassDefFoundError'{0x000000070f226d10}: org/springframework/batch/core/repository/JobRepository> (0x000000070f226d10) 
thrown [s\src\hotspot\share\oops\constantPool.cpp, line 872]
Event: 170.251 Thread 0x000001ca8560c960 Exception <a 'java/lang/NoClassDefFoundError'{0x000000070f227368}: org/quartz/Scheduler> (0x000000070f227368) 
thrown [s\src\hotspot\share\oops\constantPool.cpp, line 872]
Event: 170.252 Thread 0x000001ca8560c960 Exception <a 'java/lang/NoClassDefFoundError'{0x000000070f2279e8}: org/springframework/session/jdbc/JdbcIndexedSessionRepository> (0x000000070f2279e8) 
thrown [s\src\hotspot\share\oops\constantPool.cpp, line 872]
Event: 170.335 Thread 0x000001ca8560c960 Exception <a 'java/io/FileNotFoundException'{0x000000070ec82878}> (0x000000070ec82878) 
thrown [s\src\hotspot\share\prims\jni.cpp, line 520]
Event: 170.359 Thread 0x000001ca8560c960 Exception <a 'java/io/FileNotFoundException'{0x000000070ea30380}> (0x000000070ea30380) 
thrown [s\src\hotspot\share\prims\jni.cpp, line 520]

ZGC Phase Switch (0 events):
No events

VM Operations (20 events):
Event: 172.349 Executing VM operation: get/set locals
Event: 172.349 Executing VM operation: get/set locals done
Event: 172.350 Executing VM operation: get/set locals
Event: 172.350 Executing VM operation: get/set locals done
Event: 172.352 Executing VM operation: get/set locals
Event: 172.352 Executing VM operation: get/set locals done
Event: 172.353 Executing VM operation: get/set locals
Event: 172.353 Executing VM operation: get/set locals done
Event: 172.354 Executing VM operation: get/set locals
Event: 172.354 Executing VM operation: get/set locals done
Event: 172.355 Executing VM operation: get/set locals
Event: 172.355 Executing VM operation: get/set locals done
Event: 174.431 Executing VM operation: ChangeSingleStep
Event: 174.431 Executing VM operation: ChangeSingleStep done
Event: 174.432 Executing VM operation: ChangeSingleStep
Event: 174.432 Executing VM operation: ChangeSingleStep done
Event: 174.463 Executing VM operation: RedefineClasses
Event: 174.558 Executing VM operation: RedefineClasses done
Event: 174.562 Executing VM operation: ChangeSingleStep
Event: 174.562 Executing VM operation: ChangeSingleStep done

Memory protections (0 events):
No events

Nmethod flushes (20 events):
Event: 169.410 Thread 0x000001caf95b73b0 flushing  nmethod 0x000001cae35aa810
Event: 169.410 Thread 0x000001caf95b73b0 flushing  nmethod 0x000001cae35b5f10
Event: 169.410 Thread 0x000001caf95b73b0 flushing  nmethod 0x000001cae35c3f10
Event: 169.410 Thread 0x000001caf95b73b0 flushing  nmethod 0x000001cae35c5d90
Event: 169.410 Thread 0x000001caf95b73b0 flushing  nmethod 0x000001cae35c9d10
Event: 169.410 Thread 0x000001caf95b73b0 flushing  nmethod 0x000001cae35da890
Event: 169.410 Thread 0x000001caf95b73b0 flushing  nmethod 0x000001cae35ded10
Event: 169.410 Thread 0x000001caf95b73b0 flushing  nmethod 0x000001cae35ed310
Event: 169.410 Thread 0x000001caf95b73b0 flushing  nmethod 0x000001cae35eed10
Event: 169.410 Thread 0x000001caf95b73b0 flushing  nmethod 0x000001cae3677890
Event: 169.410 Thread 0x000001caf95b73b0 flushing  nmethod 0x000001cae36c6610
Event: 169.410 Thread 0x000001caf95b73b0 flushing  nmethod 0x000001cae36ce590
Event: 169.410 Thread 0x000001caf95b73b0 flushing  nmethod 0x000001cae36ee110
Event: 169.410 Thread 0x000001caf95b73b0 flushing  nmethod 0x000001cae36efd90
Event: 169.410 Thread 0x000001caf95b73b0 flushing  nmethod 0x000001cae36fad90
Event: 169.410 Thread 0x000001caf95b73b0 flushing  nmethod 0x000001cae3732d90
Event: 169.410 Thread 0x000001caf95b73b0 flushing  nmethod 0x000001cae3789410
Event: 169.410 Thread 0x000001caf95b73b0 flushing  nmethod 0x000001cae37ad590
Event: 169.410 Thread 0x000001caf95b73b0 flushing  nmethod 0x000001cae37d7390
Event: 169.410 Thread 0x000001caf95b73b0 flushing  nmethod 0x000001cae3888c90

Events (20 events):
Event: 169.336 Thread 0x000001ca81d32170 Thread exited: 0x000001ca81d32170
Event: 169.340 Thread 0x000001ca856087c0 Thread exited: 0x000001ca856087c0
Event: 169.345 Thread 0x000001ca81d33bb0 Thread exited: 0x000001ca81d33bb0
Event: 169.345 Thread 0x000001ca81d36310 Thread exited: 0x000001ca81d36310
Event: 169.345 Thread 0x000001ca81d355f0 Thread exited: 0x000001ca81d355f0
Event: 169.457 Thread 0x000001ca85608e50 Thread added: 0x000001ca8560dd10
Event: 169.460 Thread 0x000001ca8560dd10 Thread exited: 0x000001ca8560dd10
Event: 169.460 Thread 0x000001ca85608e50 Thread added: 0x000001ca8560c960
Event: 169.475 Thread 0x000001caff425ef0 Thread exited: 0x000001caff425ef0
Event: 169.513 Thread 0x000001caf966a300 Thread added: 0x000001caff425ef0
Event: 169.577 Thread 0x000001caf966adb0 Thread added: 0x000001caff42b780
Event: 169.722 Thread 0x000001ca8560c960 Thread added: 0x000001ca8560bc40
Event: 169.786 Thread 0x000001ca8560bc40 Thread exited: 0x000001ca8560bc40
Event: 170.360 Thread 0x000001ca8560c960 Thread added: 0x000001ca8560e3a0
Event: 170.361 Thread 0x000001ca8560c960 Thread added: 0x000001ca8560b5b0
Event: 170.361 Thread 0x000001ca8560c960 Thread added: 0x000001ca8560a890
Event: 170.430 Thread 0x000001ca8560c960 Thread added: 0x000001ca85607410
Event: 170.538 Thread 0x000001ca85607410 Thread added: 0x000001ca856094e0
Event: 170.930 Thread 0x000001caff42b780 Thread exited: 0x000001caff42b780
Event: 170.930 Thread 0x000001caff425ef0 Thread exited: 0x000001caff425ef0


Dynamic libraries:
0x00007ff6145a0000 - 0x00007ff6145ae000 	C:\Users\hpwor\.p2\pool\plugins\org.eclipse.justj.openjdk.hotspot.jre.full.win32.x86_64_22.0.2.v20240802-1626\jre\bin\javaw.exe
0x00007fff78250000 - 0x00007fff78467000 	C:\WINDOWS\SYSTEM32\ntdll.dll
0x00007fff76bd0000 - 0x00007fff76c94000 	C:\WINDOWS\System32\KERNEL32.DLL
0x00007fff75560000 - 0x00007fff75917000 	C:\WINDOWS\System32\KERNELBASE.dll
0x00007fff759c0000 - 0x00007fff75ad1000 	C:\WINDOWS\System32\ucrtbase.dll
0x00007fff40140000 - 0x00007fff40157000 	C:\Users\hpwor\.p2\pool\plugins\org.eclipse.justj.openjdk.hotspot.jre.full.win32.x86_64_22.0.2.v20240802-1626\jre\bin\jli.dll
0x00007fff77fd0000 - 0x00007fff7817f000 	C:\WINDOWS\System32\USER32.dll
0x00007fff75920000 - 0x00007fff75946000 	C:\WINDOWS\System32\win32u.dll
0x00007fff76ba0000 - 0x00007fff76bc9000 	C:\WINDOWS\System32\GDI32.dll
0x00007fff75e60000 - 0x00007fff75f78000 	C:\WINDOWS\System32\gdi32full.dll
0x00007fff40160000 - 0x00007fff4017b000 	C:\Users\hpwor\.p2\pool\plugins\org.eclipse.justj.openjdk.hotspot.jre.full.win32.x86_64_22.0.2.v20240802-1626\jre\bin\VCRUNTIME140.dll
0x00007fff75c50000 - 0x00007fff75cea000 	C:\WINDOWS\System32\msvcp_win.dll
0x00007fff595c0000 - 0x00007fff59853000 	C:\WINDOWS\WinSxS\amd64_microsoft.windows.common-controls_6595b64144ccf1df_6.0.22621.3672_none_2713b9d173822955\COMCTL32.dll
0x00007fff76000000 - 0x00007fff760a7000 	C:\WINDOWS\System32\msvcrt.dll
0x00007fff76f60000 - 0x00007fff76f91000 	C:\WINDOWS\System32\IMM32.DLL
0x00007fff4b210000 - 0x00007fff4b21c000 	C:\Users\hpwor\.p2\pool\plugins\org.eclipse.justj.openjdk.hotspot.jre.full.win32.x86_64_22.0.2.v20240802-1626\jre\bin\vcruntime140_1.dll
0x00007fff400b0000 - 0x00007fff4013e000 	C:\Users\hpwor\.p2\pool\plugins\org.eclipse.justj.openjdk.hotspot.jre.full.win32.x86_64_22.0.2.v20240802-1626\jre\bin\msvcp140.dll
0x00007ffefab30000 - 0x00007ffefb8f3000 	C:\Users\hpwor\.p2\pool\plugins\org.eclipse.justj.openjdk.hotspot.jre.full.win32.x86_64_22.0.2.v20240802-1626\jre\bin\server\jvm.dll
0x00007fff76d50000 - 0x00007fff76e02000 	C:\WINDOWS\System32\ADVAPI32.dll
0x00007fff762b0000 - 0x00007fff76358000 	C:\WINDOWS\System32\sechost.dll
0x00007fff75e30000 - 0x00007fff75e58000 	C:\WINDOWS\System32\bcrypt.dll
0x00007fff76e40000 - 0x00007fff76f54000 	C:\WINDOWS\System32\RPCRT4.dll
0x00007fff75f80000 - 0x00007fff75ff1000 	C:\WINDOWS\System32\WS2_32.dll
0x00007fff75280000 - 0x00007fff752cd000 	C:\WINDOWS\SYSTEM32\POWRPROF.dll
0x00007fff71180000 - 0x00007fff711b4000 	C:\WINDOWS\SYSTEM32\WINMM.dll
0x00007fff6d7f0000 - 0x00007fff6d7fa000 	C:\WINDOWS\SYSTEM32\VERSION.dll
0x00007fff75260000 - 0x00007fff75273000 	C:\WINDOWS\SYSTEM32\UMPDC.dll
0x00007fff745b0000 - 0x00007fff745c8000 	C:\WINDOWS\SYSTEM32\kernel.appcore.dll
0x00007fff156d0000 - 0x00007fff156da000 	C:\Users\hpwor\.p2\pool\plugins\org.eclipse.justj.openjdk.hotspot.jre.full.win32.x86_64_22.0.2.v20240802-1626\jre\bin\jimage.dll
0x00007fff70360000 - 0x00007fff70592000 	C:\WINDOWS\SYSTEM32\DBGHELP.DLL
0x00007fff765d0000 - 0x00007fff7695e000 	C:\WINDOWS\System32\combase.dll
0x00007fff76ac0000 - 0x00007fff76b97000 	C:\WINDOWS\System32\OLEAUT32.dll
0x00007fff59900000 - 0x00007fff59932000 	C:\WINDOWS\SYSTEM32\dbgcore.DLL
0x00007fff75cf0000 - 0x00007fff75d6b000 	C:\WINDOWS\System32\bcryptPrimitives.dll
0x00007fff60630000 - 0x00007fff6066c000 	C:\Users\hpwor\.p2\pool\plugins\org.eclipse.justj.openjdk.hotspot.jre.full.win32.x86_64_22.0.2.v20240802-1626\jre\bin\jdwp.dll
0x00007fff6fcb0000 - 0x00007fff6fcbf000 	C:\Users\hpwor\.p2\pool\plugins\org.eclipse.justj.openjdk.hotspot.jre.full.win32.x86_64_22.0.2.v20240802-1626\jre\bin\instrument.dll
0x00007fff060f0000 - 0x00007fff0610e000 	C:\Users\hpwor\.p2\pool\plugins\org.eclipse.justj.openjdk.hotspot.jre.full.win32.x86_64_22.0.2.v20240802-1626\jre\bin\java.dll
0x00007fff775b0000 - 0x00007fff77e19000 	C:\WINDOWS\System32\SHELL32.dll
0x00007fff77e20000 - 0x00007fff77fc5000 	C:\WINDOWS\System32\ole32.dll
0x00007fff060d0000 - 0x00007fff060e7000 	C:\Users\hpwor\.p2\pool\plugins\org.eclipse.justj.openjdk.hotspot.jre.full.win32.x86_64_22.0.2.v20240802-1626\jre\bin\zip.dll
0x00007fff734a0000 - 0x00007fff73d9f000 	C:\WINDOWS\SYSTEM32\windows.storage.dll
0x00007fff73360000 - 0x00007fff7349f000 	C:\WINDOWS\SYSTEM32\wintypes.dll
0x00007fff77420000 - 0x00007fff77519000 	C:\WINDOWS\System32\SHCORE.dll
0x00007fff76570000 - 0x00007fff765ce000 	C:\WINDOWS\System32\shlwapi.dll
0x00007fff75490000 - 0x00007fff754b7000 	C:\WINDOWS\SYSTEM32\profapi.dll
0x00007fff63c70000 - 0x00007fff63c7c000 	C:\Users\hpwor\.p2\pool\plugins\org.eclipse.justj.openjdk.hotspot.jre.full.win32.x86_64_22.0.2.v20240802-1626\jre\bin\dt_socket.dll
0x00007fff74000000 - 0x00007fff7402d000 	C:\WINDOWS\SYSTEM32\IPHLPAPI.DLL
0x00007fff74a20000 - 0x00007fff74a89000 	C:\WINDOWS\system32\mswsock.dll
0x00007fff74070000 - 0x00007fff74172000 	C:\WINDOWS\SYSTEM32\DNSAPI.dll
0x00007fff760b0000 - 0x00007fff760b9000 	C:\WINDOWS\System32\NSI.dll
0x00007fff71470000 - 0x00007fff7147a000 	C:\Windows\System32\rasadhlp.dll
0x00007fff6fef0000 - 0x00007fff6ff73000 	C:\WINDOWS\System32\fwpuclnt.dll
0x00007fff00a30000 - 0x00007fff00a40000 	C:\Users\hpwor\.p2\pool\plugins\org.eclipse.justj.openjdk.hotspot.jre.full.win32.x86_64_22.0.2.v20240802-1626\jre\bin\net.dll
0x00007fff00a10000 - 0x00007fff00a26000 	C:\Users\hpwor\.p2\pool\plugins\org.eclipse.justj.openjdk.hotspot.jre.full.win32.x86_64_22.0.2.v20240802-1626\jre\bin\nio.dll
0x00007ffecfd30000 - 0x00007ffecfd40000 	C:\Users\hpwor\.p2\pool\plugins\org.eclipse.justj.openjdk.hotspot.jre.full.win32.x86_64_22.0.2.v20240802-1626\jre\bin\verify.dll
0x00007fff63c30000 - 0x00007fff63c3a000 	C:\Users\hpwor\.p2\pool\plugins\org.eclipse.justj.openjdk.hotspot.jre.full.win32.x86_64_22.0.2.v20240802-1626\jre\bin\management.dll
0x00007fff60620000 - 0x00007fff6062b000 	C:\Users\hpwor\.p2\pool\plugins\org.eclipse.justj.openjdk.hotspot.jre.full.win32.x86_64_22.0.2.v20240802-1626\jre\bin\management_ext.dll
0x00007fff762a0000 - 0x00007fff762a8000 	C:\WINDOWS\System32\PSAPI.DLL
0x00007fff60610000 - 0x00007fff6061b000 	C:\Users\hpwor\.p2\pool\plugins\org.eclipse.justj.openjdk.hotspot.jre.full.win32.x86_64_22.0.2.v20240802-1626\jre\bin\le.dll
0x00007ffecd220000 - 0x00007ffecd22e000 	C:\Users\hpwor\.p2\pool\plugins\org.eclipse.justj.openjdk.hotspot.jre.full.win32.x86_64_22.0.2.v20240802-1626\jre\bin\sunmscapi.dll
0x00007fff75ae0000 - 0x00007fff75c46000 	C:\WINDOWS\System32\CRYPT32.dll
0x00007fff74ea0000 - 0x00007fff74ecd000 	C:\WINDOWS\SYSTEM32\ncrypt.dll
0x00007fff74e60000 - 0x00007fff74e97000 	C:\WINDOWS\SYSTEM32\NTASN1.dll
0x00007fff74c70000 - 0x00007fff74c8b000 	C:\WINDOWS\SYSTEM32\CRYPTSP.dll
0x00007fff74510000 - 0x00007fff74545000 	C:\WINDOWS\system32\rsaenh.dll
0x00007fff74b10000 - 0x00007fff74b38000 	C:\WINDOWS\SYSTEM32\USERENV.dll
0x00007fff74c90000 - 0x00007fff74c9c000 	C:\WINDOWS\SYSTEM32\CRYPTBASE.dll
0x00007fff36990000 - 0x00007fff36999000 	C:\Users\hpwor\.p2\pool\plugins\org.eclipse.justj.openjdk.hotspot.jre.full.win32.x86_64_22.0.2.v20240802-1626\jre\bin\extnet.dll
0x00007ffed1d80000 - 0x00007ffed1d88000 	C:\WINDOWS\system32\wshunix.dll

dbghelp: loaded successfully - version: 4.0.5 - missing functions: none
symbol engine: initialized successfully - sym options: 0x614 - pdb path: .;C:\Users\hpwor\.p2\pool\plugins\org.eclipse.justj.openjdk.hotspot.jre.full.win32.x86_64_22.0.2.v20240802-1626\jre\bin;C:\WINDOWS\SYSTEM32;C:\WINDOWS\WinSxS\amd64_microsoft.windows.common-controls_6595b64144ccf1df_6.0.22621.3672_none_2713b9d173822955;C:\Users\hpwor\.p2\pool\plugins\org.eclipse.justj.openjdk.hotspot.jre.full.win32.x86_64_22.0.2.v20240802-1626\jre\bin\server

VM Arguments:
jvm_args: -XX:+ShowCodeDetailsInExceptionMessages -agentlib:jdwp=transport=dt_socket,suspend=y,address=localhost:58626 -javaagent:C:\Users\hpwor\eclipse\jee-2024-06\eclipse\configuration\org.eclipse.osgi\448\0\.cp\lib\javaagent-shaded.jar -Dfile.encoding=UTF-8 -Dstdout.encoding=UTF-8 -Dstderr.encoding=UTF-8 
java_command: com.project.Springframework.SpringframeworkApplication
java_class_path (initial): E:\Springframework\Springframework\target\classes;C:\Users\hpwor\.m2\repository\org\springframework\boot\spring-boot-starter-data-jpa\3.3.4\spring-boot-starter-data-jpa-3.3.4.jar;C:\Users\hpwor\.m2\repository\org\springframework\boot\spring-boot-starter-aop\3.3.4\spring-boot-starter-aop-3.3.4.jar;C:\Users\hpwor\.m2\repository\org\springframework\spring-aop\6.1.13\spring-aop-6.1.13.jar;C:\Users\hpwor\.m2\repository\org\aspectj\aspectjweaver\1.9.22.1\aspectjweaver-1.9.22.1.jar;C:\Users\hpwor\.m2\repository\org\springframework\boot\spring-boot-starter-jdbc\3.3.4\spring-boot-starter-jdbc-3.3.4.jar;C:\Users\hpwor\.m2\repository\com\zaxxer\HikariCP\5.1.0\HikariCP-5.1.0.jar;C:\Users\hpwor\.m2\repository\org\springframework\spring-jdbc\6.1.13\spring-jdbc-6.1.13.jar;C:\Users\hpwor\.m2\repository\org\hibernate\orm\hibernate-core\6.5.3.Final\hibernate-core-6.5.3.Final.jar;C:\Users\hpwor\.m2\repository\jakarta\persistence\jakarta.persistence-api\3.1.0\jakarta.persistence-api-3.1.0.jar;C:\Users\hpwor\.m2\repository\jakarta\transaction\jakarta.transaction-api\2.0.1\jakarta.transaction-api-2.0.1.jar;C:\Users\hpwor\.m2\repository\org\jboss\logging\jboss-logging\3.5.3.Final\jboss-logging-3.5.3.Final.jar;C:\Users\hpwor\.m2\repository\org\hibernate\common\hibernate-commons-annotations\6.0.6.Final\hibernate-commons-annotations-6.0.6.Final.jar;C:\Users\hpwor\.m2\repository\io\smallrye\jandex\3.1.2\jandex-3.1.2.jar;C:\Users\hpwor\.m2\repository\com\fasterxml\classmate\1.7.0\classmate-1.7.0.jar;C:\Users\hpwor\.m2\repository\net\bytebuddy\byte-buddy\1.14.19\byte-buddy-1.14.19.jar;C:\Users\hpwor\.m2\repository\org\glassfish\jaxb\jaxb-runtime\4.0.5\jaxb-runtime-4.0.5.jar;C:\Users\hpwor\.m2\repository\org\glassfish\jaxb\jaxb-core\4.0.5\jaxb-core-4.0.5.jar;C:\Users\hpwor\.m2\repository\org\eclipse\angus\angus-activation\2.0.2\angus-activation-2.0.2.jar;C:\Users\hpwor\.m2\repository\org\glassfish\jaxb\txw2\4.0.5\txw2-4.0.5.jar;C:\Users\hpwor\.m2\repository\com\sun\istack\istack-commons-runtime\4.1.2\istack-commons-runtime-4.1.2.jar;C:\Users\hpwor\.m2\repository\jakarta\inject\jakarta.inject-api\2.0.1\jakarta.inject-api-2.0.1.jar;C:\Users\hpwor\.m2\repository\org\antlr\antlr4-runtime\4.13.0\antlr4-runtime-4.13.0.jar;C:\Users\hpwor\.m2\repository\org\springframework\data\spring-data-jpa\3.3.4\spring-data-jpa-3.3.4.jar;C:\Users\hpwor\.m2\repository\org\springframework\data\spring-data-commons\3.3.4\spring-data-commons-3.3.4.jar;C:\Users\hpwor\.m2\repository\org\springframework\spring-orm\6.1.13\spring-orm-6.1.13.jar;C:\Users\hpwor\.m2\repository\org\springframework\spring-context\6.1.13\spring-context-6.1.13.jar;C:\Users\hpwor\.m2\repository\org\springframework\spring-tx\6.1.13\spring-tx-6.1.13.jar;C:\Users\hpwor\.m2\repository\org\springframework\spring-beans\6.1.13\spring-beans-6.1.13.jar;C:\Users\hpwor\.m2\repository\org\slf4j\slf4j-api\2.0.16\slf4j-api-2.0.16.jar;C:\Users\hpwor\.m2\repository\org\springframework\spring-aspects\6.1.13\spring-aspects-6.1.13.jar;C:\Users\hpwor\.m2\repository\org\springframework\boot\spring-boot-starter-web\3.3.4\spring-boot-starter-web-3.3.4.jar;C:\Users\hpwor\.m2\repository\org\springframework\boot\spring-boot-starter\3.3.4\spring-boot-starter-3.3.4.jar;C:\Users\hpwor\.m2\repository\org\springframework\boot\spring-boot-starter-logging\3.3.4\spring-boot-starter-logging-3.3.4.jar;C:\Users\hpwor\.m2\repository\ch\qos\logback\logback-classic\1.5.8\logback-classic-1.5.8.jar;C:\Users\hpwor\.m2\repository\ch\qos\logback\logback-core\1.5.8\logback-core-1.5.8.jar;C:\Users\hpwor\.m2\repository\org\apache\logging\log4j\log4j-to-slf4j\2.23.1\log4j-to-slf4j-2.23.1.jar;C:\Users\hpwor\.m2\repository\org\apache\logging\log4j\log4j-api\2.23.1\log4j-api-2.23.1.jar;C:\Users\hpwor\.m2\repository\org\slf4j\jul-to-slf4j\2.0.16\jul-to-slf4j-2.0.16.jar;C:\Users\hpwor\.m2\repository\org\yaml\snakeyaml\2.2\snakeyaml-2.2.jar;C:\Users\hpwor\.m2\repository\org\springframework\boot\spring-boot-starter-json\3.3.4\spring-boot-starter-json-3.3.4.jar;C:\Users\hpwor\.m2\repository\com\fasterxml\jackson\core\jackson-databind\2.17.2\jackson-databind-2.17.2.jar;C:\Users\hpwor\.m2\repository\com\fasterxml\jackson\core\jackson-annotations\2.17.2\jackson-annotations-2.17.2.jar;C:\Users\hpwor\.m2\repository\com\fasterxml\jackson\core\jackson-core\2.17.2\jackson-core-2.17.2.jar;C:\Users\hpwor\.m2\repository\com\fasterxml\jackson\datatype\jackson-datatype-jdk8\2.17.2\jackson-datatype-jdk8-2.17.2.jar;C:\Users\hpwor\.m2\repository\com\fasterxml\jackson\datatype\jackson-datatype-jsr310\2.17.2\jackson-datatype-jsr310-2.17.2.jar;C:\Users\hpwor\.m2\repository\com\fasterxml\jackson\module\jackson-module-parameter-names\2.17.2\jackson-module-parameter-names-2.17.2.jar;C:\Users\hpwor\.m2\repository\org\springframework\spring-web\6.1.13\spring-web-6.1.13.jar;C:\Users\hpwor\.m2\repository\io\micrometer\micrometer-observation\1.13.4\micrometer-observation-1.13.4.jar;C:\Users\hpwor\.m2\repository\io\micrometer\micrometer-commons\1.13.4\micrometer-commons-1.13.4.jar;C:\Users\hpwor\.m2\repository\org\springframework\spring-webmvc\6.1.13\spring-webmvc-6.1.13.jar;C:\Users\hpwor\.m2\repository\org\springframework\spring-expression\6.1.13\spring-expression-6.1.13.jar;C:\Users\hpwor\.m2\repository\org\springframework\boot\spring-boot-devtools\3.3.4\spring-boot-devtools-3.3.4.jar;C:\Users\hpwor\.m2\repository\org\springframework\boot\spring-boot\3.3.4\spring-boot-3.3.4.jar;C:\Users\hpwor\.m2\repository\org\springframework\boot\spring-boot-autoconfigure\3.3.4\spring-boot-autoconfigure-3.3.4.jar;C:\Users\hpwor\.m2\repository\org\springframework\boot\spring-boot-starter-validation\3.3.4\spring-boot-starter-validation-3.3.4.jar;C:\Users\hpwor\.m2\repository\org\apache\tomcat\embed\tomcat-embed-el\10.1.30\tomcat-embed-el-10.1.30.jar;C:\Users\hpwor\.m2\repository\org\hibernate\validator\hibernate-validator\8.0.1.Final\hibernate-validator-8.0.1.Final.jar;C:\Users\hpwor\.m2\repository\jakarta\validation\jakarta.validation-api\3.0.2\jakarta.validation-api-3.0.2.jar;C:\Users\hpwor\.m2\repository\com\mysql\mysql-connector-j\8.3.0\mysql-connector-j-8.3.0.jar;C:\Users\hpwor\.m2\repository\org\springframework\boot\spring-boot-starter-thymeleaf\3.3.4\spring-boot-starter-thymeleaf-3.3.4.jar;C:\Users\hpwor\.m2\repository\org\thymeleaf\thymeleaf-spring6\3.1.2.RELEASE\thymeleaf-spring6-3.1.2.RELEASE.jar;C:\Users\hpwor\.m2\repository\org\thymeleaf\thymeleaf\3.1.2.RELEASE\thymeleaf-3.1.2.RELEASE.jar;C:\Users\hpwor\.m2\repository\org\attoparser\attoparser\2.0.7.RELEASE\attoparser-2.0.7.RELEASE.jar;C:\Users\hpwor\.m2\repository\org\unbescape\unbescape\1.1.6.RELEASE\unbescape-1.1.6.RELEASE.jar;C:\Users\hpwor\.m2\repository\org\springframework\boot\spring-boot-starter-tomcat\3.3.4\spring-boot-starter-tomcat-3.3.4.jar;C:\Users\hpwor\.m2\repository\jakarta\annotation\jakarta.annotation-api\2.1.1\jakarta.annotation-api-2.1.1.jar;C:\Users\hpwor\.m2\repository\org\apache\tomcat\embed\tomcat-embed-core\10.1.30\tomcat-embed-core-10.1.30.jar;C:\Users\hpwor\.m2\repository\org\apache\tomcat\embed\tomcat-embed-websocket\10.1.30\tomcat-embed-websocket-10.1.30.jar;C:\Users\hpwor\.m2\repository\jakarta\xml\bind\jakarta.xml.bind-api\4.0.2\jakarta.xml.bind-api-4.0.2.jar;C:\Users\hpwor\.m2\repository\jakarta\activation\jakarta.activation-api\2.1.3\jakarta.activation-api-2.1.3.jar;C:\Users\hpwor\.m2\repository\org\springframework\spring-core\6.1.13\spring-core-6.1.13.jar;C:\Users\hpwor\.m2\repository\org\springframework\spring-jcl\6.1.13\spring-jcl-6.1.13.jar
Launcher Type: SUN_STANDARD

[Global flags]
     intx CICompilerCount                          = 4                                         {product} {ergonomic}
     uint ConcGCThreads                            = 2                                         {product} {ergonomic}
     uint G1ConcRefinementThreads                  = 8                                         {product} {ergonomic}
   size_t G1HeapRegionSize                         = 2097152                                   {product} {ergonomic}
   size_t InitialHeapSize                          = 255852544                                 {product} {ergonomic}
   size_t MarkStackSize                            = 4194304                                   {product} {ergonomic}
   size_t MaxHeapSize                              = 4093640704                                {product} {ergonomic}
   size_t MaxNewSize                               = 2455764992                                {product} {ergonomic}
   size_t MinHeapDeltaBytes                        = 2097152                                   {product} {ergonomic}
   size_t MinHeapSize                              = 8388608                                   {product} {ergonomic}
    uintx NonNMethodCodeHeapSize                   = 5839372                                {pd product} {ergonomic}
    uintx NonProfiledCodeHeapSize                  = 122909434                              {pd product} {ergonomic}
    uintx ProfiledCodeHeapSize                     = 122909434                              {pd product} {ergonomic}
    uintx ReservedCodeCacheSize                    = 251658240                              {pd product} {ergonomic}
     bool SegmentedCodeCache                       = true                                      {product} {ergonomic}
     bool ShowCodeDetailsInExceptionMessages       = true                                   {manageable} {command line}
   size_t SoftMaxHeapSize                          = 4093640704                             {manageable} {ergonomic}
     bool UseCompressedOops                        = true                           {product lp64_product} {ergonomic}
     bool UseG1GC                                  = true                                      {product} {ergonomic}
     bool UseLargePagesIndividualAllocation        = false                                  {pd product} {ergonomic}

Logging:
Log output configuration:
 #0: stdout all=warning uptime,level,tags foldmultilines=false
 #1: stderr all=off uptime,level,tags foldmultilines=false

Environment Variables:
PATH=C:\Users\hpwor\.p2\pool\plugins\org.eclipse.justj.openjdk.hotspot.jre.full.win32.x86_64_22.0.2.v20240802-1626\jre\bin;C:/Users/hpwor/.p2/pool/plugins/org.eclipse.justj.openjdk.hotspot.jre.full.win32.x86_64_22.0.2.v20240802-1626/jre/bin/server;C:/Users/hpwor/.p2/pool/plugins/org.eclipse.justj.openjdk.hotspot.jre.full.win32.x86_64_22.0.2.v20240802-1626/jre/bin;C:\WINDOWS\system32;C:\WINDOWS;C:\WINDOWS\System32\Wbem;C:\WINDOWS\System32\WindowsPowerShell\v1.0\;C:\WINDOWS\System32\OpenSSH\;C:\Program Files\nodejs\;C:\Program Files\HP\HP One Agent;C:\WINDOWS\system32;C:\WINDOWS;C:\WINDOWS\System32\Wbem;C:\WINDOWS\System32\WindowsPowerShell\v1.0\;C:\WINDOWS\System32\OpenSSH\;C:\Users\hpwor\AppData\Local\Microsoft\WindowsApps;;C:\Users\hpwor\AppData\Local\Programs\Microsoft VS Code\bin;C:\Users\hpwor\AppData\Roaming\npm;C:\Users\hpwor\OneDrive\Desktop;
USERNAME=hpwor
OS=Windows_NT
PROCESSOR_IDENTIFIER=AMD64 Family 23 Model 160 Stepping 0, AuthenticAMD
TMP=C:\Users\hpwor\AppData\Local\Temp
TEMP=C:\Users\hpwor\AppData\Local\Temp




Periodic native trim disabled

---------------  S Y S T E M  ---------------

OS:
 Windows 11 , 64 bit Build 22621 (10.0.22621.3958)
OS uptime: 0 days 13:33 hours
Hyper-V role detected

CPU: total 8 (initial active 8) (8 cores per cpu, 2 threads per core) family 23 model 160 stepping 0 microcode 0x0, cx8, cmov, fxsr, ht, mmx, 3dnowpref, sse, sse2, sse3, ssse3, sse4a, sse4.1, sse4.2, popcnt, lzcnt, tsc, tscinvbit, avx, avx2, aes, clmul, bmi1, bmi2, adx, sha, fma, vzeroupper, clflush, clflushopt, hv, rdtscp, rdpid, f16c
Processor Information for processor 0
  Max Mhz: 2801, Current Mhz: 2483, Mhz Limit: 2801
Processor Information for processor 1
  Max Mhz: 2801, Current Mhz: 2801, Mhz Limit: 2801
Processor Information for processor 2
  Max Mhz: 2801, Current Mhz: 2801, Mhz Limit: 2801
Processor Information for processor 3
  Max Mhz: 2801, Current Mhz: 2801, Mhz Limit: 2801
Processor Information for processor 4
  Max Mhz: 2801, Current Mhz: 2801, Mhz Limit: 2801
Processor Information for processor 5
  Max Mhz: 2801, Current Mhz: 2483, Mhz Limit: 2801
Processor Information for processor 6
  Max Mhz: 2801, Current Mhz: 2483, Mhz Limit: 2801
Processor Information for processor 7
  Max Mhz: 2801, Current Mhz: 2483, Mhz Limit: 2801

Memory: 4k page, system-wide physical 15610M (8157M free)
TotalPageFile size 24314M (AvailPageFile size 12212M)
current process WorkingSet (physical memory assigned to process): 309M, peak: 381M
current process commit charge ("private bytes"): 358M, peak: 411M

vm_info: OpenJDK 64-Bit Server VM (22.0.2+9) for windows-amd64 JRE (22.0.2+9), built on 2024-07-16T00:00:00Z by "admin" with MS VC++ 17.7 (VS2022)

END.
